[4469:INFO] 2013-08-21 11:36:31 :: Starting server on 0.0.0.0:9001 in production mode. Watch out for stones.
[4475:INFO] 2013-08-21 11:36:31 :: Starting server on 0.0.0.0:9002 in production mode. Watch out for stones.
[4481:INFO] 2013-08-21 11:36:31 :: Starting server on 0.0.0.0:9003 in production mode. Watch out for stones.
[4487:INFO] 2013-08-21 11:36:31 :: Starting server on 0.0.0.0:9004 in production mode. Watch out for stones.
[4469:INFO] 2013-08-21 11:36:44 :: 200 GET /jianghu/get_jianghu_recorders?session_key=67ca18a86bfb6a5d5873f07aceb3e487d324cbe11507e1eac3185506ed12985f in 1330.48 ms
[4469:INFO] 2013-08-21 11:36:45 :: 404 GET /favicon.ico in 0.71 ms
[4469:INFO] 2013-08-21 11:36:45 :: 404 GET /favicon.ico in 0.59 ms
[4469:INFO] 2013-08-21 11:36:51 :: 200 GET /jianghu/get_jianghu_recorders?session_key=67ca18a86bfb6a5d5873f07aceb3e487d324cbe11507e1eac3185506ed12985f in 47.87 ms
[4475:INFO] 2013-08-21 11:36:53 :: 404 GET /favicon.ico in 626.09 ms
[4481:INFO] 2013-08-21 11:36:53 :: 404 GET /favicon.ico in 640.28 ms
[4487:INFO] 2013-08-21 11:36:55 :: 200 GET /jianghu/get_jianghu_recorders?session_key=67ca18a86bfb6a5d5873f07aceb3e487d324cbe11507e1eac3185506ed12985f in 1321.65 ms
[4469:INFO] 2013-08-21 11:36:56 :: 200 GET /jianghu/get_jianghu_recorders?session_key=67ca18a86bfb6a5d5873f07aceb3e487d324cbe11507e1eac3185506ed12985f in 48.65 ms
[4475:INFO] 2013-08-21 11:37:19 :: 200 HEAD /jianghu/get_jianghu_recorders?session_key=67ca18a86bfb6a5d5873f07aceb3e487d324cbe11507e1eac3185506ed12985f in 686.46 ms
[4481:INFO] 2013-08-21 11:37:20 :: 200 HEAD /jianghu/get_jianghu_recorders?session_key=67ca18a86bfb6a5d5873f07aceb3e487d324cbe11507e1eac3185506ed12985f in 675.42 ms
[4487:INFO] 2013-08-21 11:37:21 :: 200 HEAD /jianghu/get_jianghu_recorders?session_key=67ca18a86bfb6a5d5873f07aceb3e487d324cbe11507e1eac3185506ed12985f in 48.37 ms
[4469:INFO] 2013-08-21 11:37:22 :: 200 HEAD /jianghu/get_jianghu_recorders?session_key=67ca18a86bfb6a5d5873f07aceb3e487d324cbe11507e1eac3185506ed12985f in 86.34 ms
[4475:INFO] 2013-08-21 11:37:23 :: 200 HEAD /jianghu/get_jianghu_recorders?session_key=67ca18a86bfb6a5d5873f07aceb3e487d324cbe11507e1eac3185506ed12985f in 82.65 ms
[4481:INFO] 2013-08-21 11:37:25 :: 200 HEAD /jianghu/get_jianghu_recorders?session_key=67ca18a86bfb6a5d5873f07aceb3e487d324cbe11507e1eac3185506ed12985f in 86.93 ms
[4487:INFO] 2013-08-21 11:37:26 :: 200 HEAD /jianghu/get_jianghu_recorders?session_key=67ca18a86bfb6a5d5873f07aceb3e487d324cbe11507e1eac3185506ed12985f in 82.61 ms
[4469:INFO] 2013-08-21 11:37:27 :: 200 HEAD /jianghu/get_jianghu_recorders?session_key=67ca18a86bfb6a5d5873f07aceb3e487d324cbe11507e1eac3185506ed12985f in 79.85 ms
[4475:INFO] 2013-08-21 11:37:28 :: 200 HEAD /jianghu/get_jianghu_recorders?session_key=67ca18a86bfb6a5d5873f07aceb3e487d324cbe11507e1eac3185506ed12985f in 86.26 ms
[4481:INFO] 2013-08-21 11:37:29 :: 200 HEAD /jianghu/get_jianghu_recorders?session_key=67ca18a86bfb6a5d5873f07aceb3e487d324cbe11507e1eac3185506ed12985f in 81.59 ms
[4487:INFO] 2013-08-21 11:37:30 :: 200 HEAD /jianghu/get_jianghu_recorders?session_key=67ca18a86bfb6a5d5873f07aceb3e487d324cbe11507e1eac3185506ed12985f in 86.76 ms
[4469:INFO] 2013-08-21 11:37:31 :: 200 HEAD /jianghu/get_jianghu_recorders?session_key=67ca18a86bfb6a5d5873f07aceb3e487d324cbe11507e1eac3185506ed12985f in 82.02 ms
[4475:INFO] 2013-08-21 11:37:32 :: 200 HEAD /jianghu/get_jianghu_recorders?session_key=67ca18a86bfb6a5d5873f07aceb3e487d324cbe11507e1eac3185506ed12985f in 81.03 ms
[4481:INFO] 2013-08-21 11:37:33 :: 200 HEAD /jianghu/get_jianghu_recorders?session_key=67ca18a86bfb6a5d5873f07aceb3e487d324cbe11507e1eac3185506ed12985f in 86.37 ms
[4487:INFO] 2013-08-21 11:37:34 :: 200 HEAD /jianghu/get_jianghu_recorders?session_key=67ca18a86bfb6a5d5873f07aceb3e487d324cbe11507e1eac3185506ed12985f in 45.73 ms
[4469:INFO] 2013-08-21 11:37:35 :: 200 HEAD /jianghu/get_jianghu_recorders?session_key=67ca18a86bfb6a5d5873f07aceb3e487d324cbe11507e1eac3185506ed12985f in 86.86 ms
[4475:INFO] 2013-08-21 11:37:36 :: 200 HEAD /jianghu/get_jianghu_recorders?session_key=67ca18a86bfb6a5d5873f07aceb3e487d324cbe11507e1eac3185506ed12985f in 46.86 ms
[4481:INFO] 2013-08-21 11:37:37 :: 200 HEAD /jianghu/get_jianghu_recorders?session_key=67ca18a86bfb6a5d5873f07aceb3e487d324cbe11507e1eac3185506ed12985f in 87.44 ms
[4487:INFO] 2013-08-21 11:37:39 :: 200 HEAD /jianghu/get_jianghu_recorders?session_key=67ca18a86bfb6a5d5873f07aceb3e487d324cbe11507e1eac3185506ed12985f in 82.69 ms
[4469:INFO] 2013-08-21 11:37:40 :: 200 HEAD /jianghu/get_jianghu_recorders?session_key=67ca18a86bfb6a5d5873f07aceb3e487d324cbe11507e1eac3185506ed12985f in 85.92 ms
[4475:INFO] 2013-08-21 11:37:42 :: 200 HEAD /jianghu/get_jianghu_recorders?session_key=67ca18a86bfb6a5d5873f07aceb3e487d324cbe11507e1eac3185506ed12985f in 48.54 ms
[4481:INFO] 2013-08-21 11:37:43 :: 200 HEAD /jianghu/get_jianghu_recorders?session_key=67ca18a86bfb6a5d5873f07aceb3e487d324cbe11507e1eac3185506ed12985f in 85.54 ms
[4487:INFO] 2013-08-21 11:37:45 :: 200 HEAD /jianghu/get_jianghu_recorders?session_key=67ca18a86bfb6a5d5873f07aceb3e487d324cbe11507e1eac3185506ed12985f in 81.92 ms
[4469:INFO] 2013-08-21 11:37:46 :: 200 HEAD /jianghu/get_jianghu_recorders?session_key=67ca18a86bfb6a5d5873f07aceb3e487d324cbe11507e1eac3185506ed12985f in 86.48 ms
[4475:INFO] 2013-08-21 11:37:47 :: 200 HEAD /jianghu/get_jianghu_recorders?session_key=67ca18a86bfb6a5d5873f07aceb3e487d324cbe11507e1eac3185506ed12985f in 82.28 ms
[4481:INFO] 2013-08-21 11:37:48 :: 200 HEAD /jianghu/get_jianghu_recorders?session_key=67ca18a86bfb6a5d5873f07aceb3e487d324cbe11507e1eac3185506ed12985f in 77.12 ms
[4487:INFO] 2013-08-21 11:37:49 :: 200 HEAD /jianghu/get_jianghu_recorders?session_key=67ca18a86bfb6a5d5873f07aceb3e487d324cbe11507e1eac3185506ed12985f in 81.63 ms
[4469:INFO] 2013-08-21 11:37:50 :: 200 HEAD /jianghu/get_jianghu_recorders?session_key=67ca18a86bfb6a5d5873f07aceb3e487d324cbe11507e1eac3185506ed12985f in 79.67 ms
[4475:INFO] 2013-08-21 11:37:51 :: 200 HEAD /jianghu/get_jianghu_recorders?session_key=67ca18a86bfb6a5d5873f07aceb3e487d324cbe11507e1eac3185506ed12985f in 49.90 ms
[4481:INFO] 2013-08-21 11:37:52 :: 200 HEAD /jianghu/get_jianghu_recorders?session_key=67ca18a86bfb6a5d5873f07aceb3e487d324cbe11507e1eac3185506ed12985f in 82.52 ms
[4487:INFO] 2013-08-21 11:37:53 :: 200 HEAD /jianghu/get_jianghu_recorders?session_key=67ca18a86bfb6a5d5873f07aceb3e487d324cbe11507e1eac3185506ed12985f in 80.60 ms
[4469:INFO] 2013-08-21 11:37:54 :: 200 HEAD /jianghu/get_jianghu_recorders?session_key=67ca18a86bfb6a5d5873f07aceb3e487d324cbe11507e1eac3185506ed12985f in 118.69 ms
[4475:INFO] 2013-08-21 11:37:55 :: 200 HEAD /jianghu/get_jianghu_recorders?session_key=67ca18a86bfb6a5d5873f07aceb3e487d324cbe11507e1eac3185506ed12985f in 85.88 ms
[4481:INFO] 2013-08-21 11:37:56 :: 200 HEAD /jianghu/get_jianghu_recorders?session_key=67ca18a86bfb6a5d5873f07aceb3e487d324cbe11507e1eac3185506ed12985f in 86.49 ms
[4487:INFO] 2013-08-21 11:37:58 :: 200 HEAD /jianghu/get_jianghu_recorders?session_key=67ca18a86bfb6a5d5873f07aceb3e487d324cbe11507e1eac3185506ed12985f in 81.90 ms
[4469:INFO] 2013-08-21 11:37:59 :: 200 HEAD /jianghu/get_jianghu_recorders?session_key=67ca18a86bfb6a5d5873f07aceb3e487d324cbe11507e1eac3185506ed12985f in 81.17 ms
[4469:INFO] 2013-08-21 11:38:00 :: 200 HEAD /jianghu/get_jianghu_recorders?session_key=67ca18a86bfb6a5d5873f07aceb3e487d324cbe11507e1eac3185506ed12985f in 86.12 ms
[4475:INFO] 2013-08-21 11:38:01 :: 200 HEAD /jianghu/get_jianghu_recorders?session_key=67ca18a86bfb6a5d5873f07aceb3e487d324cbe11507e1eac3185506ed12985f in 150.21 ms
[4481:INFO] 2013-08-21 11:38:02 :: 200 HEAD /jianghu/get_jianghu_recorders?session_key=67ca18a86bfb6a5d5873f07aceb3e487d324cbe11507e1eac3185506ed12985f in 114.92 ms
[4487:INFO] 2013-08-21 11:38:03 :: 200 HEAD /jianghu/get_jianghu_recorders?session_key=67ca18a86bfb6a5d5873f07aceb3e487d324cbe11507e1eac3185506ed12985f in 116.60 ms
[4469:INFO] 2013-08-21 11:38:18 :: 200 HEAD /jianghu/get_jianghu_recorders?session_key=67ca18a86bfb6a5d5873f07aceb3e487d324cbe11507e1eac3185506ed12985f in 659.01 ms
[4475:INFO] 2013-08-21 11:38:20 :: 200 HEAD /jianghu/get_jianghu_recorders?session_key=67ca18a86bfb6a5d5873f07aceb3e487d324cbe11507e1eac3185506ed12985f in 645.37 ms
[4481:INFO] 2013-08-21 11:38:21 :: 200 HEAD /jianghu/get_jianghu_recorders?session_key=67ca18a86bfb6a5d5873f07aceb3e487d324cbe11507e1eac3185506ed12985f in 655.46 ms
[4487:INFO] 2013-08-21 11:38:23 :: 200 HEAD /jianghu/get_jianghu_recorders?session_key=67ca18a86bfb6a5d5873f07aceb3e487d324cbe11507e1eac3185506ed12985f in 646.25 ms
[4469:INFO] 2013-08-21 11:38:25 :: 200 HEAD /jianghu/get_jianghu_recorders?session_key=67ca18a86bfb6a5d5873f07aceb3e487d324cbe11507e1eac3185506ed12985f in 647.33 ms
[4475:INFO] 2013-08-21 11:38:26 :: 200 HEAD /jianghu/get_jianghu_recorders?session_key=67ca18a86bfb6a5d5873f07aceb3e487d324cbe11507e1eac3185506ed12985f in 648.64 ms
[4481:INFO] 2013-08-21 11:38:28 :: 200 HEAD /jianghu/get_jianghu_recorders?session_key=67ca18a86bfb6a5d5873f07aceb3e487d324cbe11507e1eac3185506ed12985f in 656.21 ms
[4487:INFO] 2013-08-21 11:38:29 :: 200 HEAD /jianghu/get_jianghu_recorders?session_key=67ca18a86bfb6a5d5873f07aceb3e487d324cbe11507e1eac3185506ed12985f in 644.61 ms
[4469:INFO] 2013-08-21 11:38:31 :: 200 HEAD /jianghu/get_jianghu_recorders?session_key=67ca18a86bfb6a5d5873f07aceb3e487d324cbe11507e1eac3185506ed12985f in 646.66 ms
[4475:INFO] 2013-08-21 11:38:33 :: 200 HEAD /jianghu/get_jianghu_recorders?session_key=67ca18a86bfb6a5d5873f07aceb3e487d324cbe11507e1eac3185506ed12985f in 592.48 ms
[4481:INFO] 2013-08-21 11:38:34 :: 200 HEAD /jianghu/get_jianghu_recorders?session_key=67ca18a86bfb6a5d5873f07aceb3e487d324cbe11507e1eac3185506ed12985f in 599.79 ms
[4487:INFO] 2013-08-21 11:38:36 :: 200 HEAD /jianghu/get_jianghu_recorders?session_key=67ca18a86bfb6a5d5873f07aceb3e487d324cbe11507e1eac3185506ed12985f in 589.64 ms
[4469:INFO] 2013-08-21 11:38:37 :: 200 HEAD /jianghu/get_jianghu_recorders?session_key=67ca18a86bfb6a5d5873f07aceb3e487d324cbe11507e1eac3185506ed12985f in 589.20 ms
[4475:INFO] 2013-08-21 11:38:39 :: 200 HEAD /jianghu/get_jianghu_recorders?session_key=67ca18a86bfb6a5d5873f07aceb3e487d324cbe11507e1eac3185506ed12985f in 653.73 ms
[4481:INFO] 2013-08-21 11:38:41 :: 200 HEAD /jianghu/get_jianghu_recorders?session_key=67ca18a86bfb6a5d5873f07aceb3e487d324cbe11507e1eac3185506ed12985f in 656.25 ms
[4487:INFO] 2013-08-21 11:38:42 :: 200 HEAD /jianghu/get_jianghu_recorders?session_key=67ca18a86bfb6a5d5873f07aceb3e487d324cbe11507e1eac3185506ed12985f in 643.42 ms
[4469:INFO] 2013-08-21 11:38:44 :: 200 HEAD /jianghu/get_jianghu_recorders?session_key=67ca18a86bfb6a5d5873f07aceb3e487d324cbe11507e1eac3185506ed12985f in 647.36 ms
[4475:INFO] 2013-08-21 11:38:46 :: 200 HEAD /jianghu/get_jianghu_recorders?session_key=67ca18a86bfb6a5d5873f07aceb3e487d324cbe11507e1eac3185506ed12985f in 644.51 ms
[4481:INFO] 2013-08-21 11:38:47 :: 200 HEAD /jianghu/get_jianghu_recorders?session_key=67ca18a86bfb6a5d5873f07aceb3e487d324cbe11507e1eac3185506ed12985f in 658.32 ms
[4487:INFO] 2013-08-21 11:38:49 :: 200 HEAD /jianghu/get_jianghu_recorders?session_key=67ca18a86bfb6a5d5873f07aceb3e487d324cbe11507e1eac3185506ed12985f in 649.52 ms
[4469:INFO] 2013-08-21 11:39:09 :: 200 HEAD /jianghu/get_jianghu_recorders?session_key=67ca18a86bfb6a5d5873f07aceb3e487d324cbe11507e1eac3185506ed12985f in 598.36 ms
[4475:INFO] 2013-08-21 11:39:11 :: 200 HEAD /jianghu/get_jianghu_recorders?session_key=67ca18a86bfb6a5d5873f07aceb3e487d324cbe11507e1eac3185506ed12985f in 591.90 ms
[4481:INFO] 2013-08-21 11:39:13 :: 200 HEAD /jianghu/get_jianghu_recorders?session_key=67ca18a86bfb6a5d5873f07aceb3e487d324cbe11507e1eac3185506ed12985f in 600.76 ms
[4487:INFO] 2013-08-21 11:39:14 :: 200 HEAD /jianghu/get_jianghu_recorders?session_key=67ca18a86bfb6a5d5873f07aceb3e487d324cbe11507e1eac3185506ed12985f in 594.00 ms
[4469:INFO] 2013-08-21 11:39:16 :: 200 HEAD /jianghu/get_jianghu_recorders?session_key=67ca18a86bfb6a5d5873f07aceb3e487d324cbe11507e1eac3185506ed12985f in 644.16 ms
[4475:INFO] 2013-08-21 11:39:18 :: 200 HEAD /jianghu/get_jianghu_recorders?session_key=67ca18a86bfb6a5d5873f07aceb3e487d324cbe11507e1eac3185506ed12985f in 651.25 ms
[4481:INFO] 2013-08-21 11:39:19 :: 200 HEAD /jianghu/get_jianghu_recorders?session_key=67ca18a86bfb6a5d5873f07aceb3e487d324cbe11507e1eac3185506ed12985f in 660.43 ms
[4487:INFO] 2013-08-21 11:39:21 :: 200 HEAD /jianghu/get_jianghu_recorders?session_key=67ca18a86bfb6a5d5873f07aceb3e487d324cbe11507e1eac3185506ed12985f in 645.74 ms
[4469:INFO] 2013-08-21 11:39:22 :: 200 HEAD /jianghu/get_jianghu_recorders?session_key=67ca18a86bfb6a5d5873f07aceb3e487d324cbe11507e1eac3185506ed12985f in 651.15 ms
[4475:INFO] 2013-08-21 11:39:24 :: 200 HEAD /jianghu/get_jianghu_recorders?session_key=67ca18a86bfb6a5d5873f07aceb3e487d324cbe11507e1eac3185506ed12985f in 653.34 ms
[4481:INFO] 2013-08-21 11:39:26 :: 200 HEAD /jianghu/get_jianghu_recorders?session_key=67ca18a86bfb6a5d5873f07aceb3e487d324cbe11507e1eac3185506ed12985f in 661.05 ms
[4487:INFO] 2013-08-21 11:39:27 :: 200 HEAD /jianghu/get_jianghu_recorders?session_key=67ca18a86bfb6a5d5873f07aceb3e487d324cbe11507e1eac3185506ed12985f in 662.68 ms
[4469:INFO] 2013-08-21 11:39:29 :: 200 HEAD /jianghu/get_jianghu_recorders?session_key=67ca18a86bfb6a5d5873f07aceb3e487d324cbe11507e1eac3185506ed12985f in 592.27 ms
[4475:INFO] 2013-08-21 11:39:31 :: 200 HEAD /jianghu/get_jianghu_recorders?session_key=67ca18a86bfb6a5d5873f07aceb3e487d324cbe11507e1eac3185506ed12985f in 594.77 ms
[4481:INFO] 2013-08-21 11:39:32 :: 200 HEAD /jianghu/get_jianghu_recorders?session_key=67ca18a86bfb6a5d5873f07aceb3e487d324cbe11507e1eac3185506ed12985f in 604.48 ms
[4487:INFO] 2013-08-21 11:39:34 :: 200 HEAD /jianghu/get_jianghu_recorders?session_key=67ca18a86bfb6a5d5873f07aceb3e487d324cbe11507e1eac3185506ed12985f in 592.41 ms
[4469:INFO] 2013-08-21 11:39:36 :: 200 HEAD /jianghu/get_jianghu_recorders?session_key=67ca18a86bfb6a5d5873f07aceb3e487d324cbe11507e1eac3185506ed12985f in 647.26 ms
[4475:INFO] 2013-08-21 11:39:37 :: 200 HEAD /jianghu/get_jianghu_recorders?session_key=67ca18a86bfb6a5d5873f07aceb3e487d324cbe11507e1eac3185506ed12985f in 650.24 ms
[4481:INFO] 2013-08-21 11:39:39 :: 200 HEAD /jianghu/get_jianghu_recorders?session_key=67ca18a86bfb6a5d5873f07aceb3e487d324cbe11507e1eac3185506ed12985f in 659.39 ms
[4487:INFO] 2013-08-21 11:39:40 :: 200 HEAD /jianghu/get_jianghu_recorders?session_key=67ca18a86bfb6a5d5873f07aceb3e487d324cbe11507e1eac3185506ed12985f in 645.06 ms
[4469:INFO] 2013-08-21 11:41:18 :: 200 HEAD /user/login?username=454752399 in 9.94 ms
[4475:INFO] 2013-08-21 11:41:19 :: 200 HEAD /user/login?username=454752399 in 8.43 ms
[4481:INFO] 2013-08-21 11:41:20 :: 200 HEAD /user/login?username=454752399 in 7.84 ms
[4487:INFO] 2013-08-21 11:41:21 :: 200 HEAD /user/login?username=454752399 in 8.89 ms
[4469:INFO] 2013-08-21 11:41:22 :: 200 HEAD /user/login?username=454752399 in 4.45 ms
[4475:INFO] 2013-08-21 11:41:23 :: 200 HEAD /user/login?username=454752399 in 4.46 ms
[4481:INFO] 2013-08-21 11:41:24 :: 200 HEAD /user/login?username=454752399 in 4.45 ms
[4487:INFO] 2013-08-21 11:41:25 :: 200 HEAD /user/login?username=454752399 in 4.41 ms
[4469:INFO] 2013-08-21 11:41:26 :: 200 HEAD /user/login?username=454752399 in 4.47 ms
[4475:INFO] 2013-08-21 11:41:27 :: 200 HEAD /user/login?username=454752399 in 4.44 ms
[4481:INFO] 2013-08-21 11:41:28 :: 200 HEAD /user/login?username=454752399 in 4.49 ms
[4487:INFO] 2013-08-21 11:41:29 :: 200 HEAD /user/login?username=454752399 in 4.41 ms
[4469:INFO] 2013-08-21 11:41:30 :: 200 HEAD /user/login?username=454752399 in 4.39 ms
[4475:INFO] 2013-08-21 11:41:31 :: 200 HEAD /user/login?username=454752399 in 4.42 ms
[4481:INFO] 2013-08-21 11:41:32 :: 200 HEAD /user/login?username=454752399 in 2.75 ms
[4487:INFO] 2013-08-21 11:41:33 :: 200 HEAD /user/login?username=454752399 in 3.19 ms
[4469:INFO] 2013-08-21 11:41:34 :: 200 HEAD /user/login?username=454752399 in 4.44 ms
[4475:INFO] 2013-08-21 11:41:35 :: 200 HEAD /user/login?username=454752399 in 4.74 ms
[4481:INFO] 2013-08-21 11:41:36 :: 200 HEAD /user/login?username=454752399 in 4.48 ms
[4487:INFO] 2013-08-21 11:41:37 :: 200 HEAD /user/login?username=454752399 in 4.48 ms
[4469:INFO] 2013-08-21 11:42:59 :: 200 HEAD /user/login?username=454752399 in 4.44 ms
[4475:INFO] 2013-08-21 11:43:00 :: 200 HEAD /user/login?username=454752399 in 2.79 ms
[4481:INFO] 2013-08-21 11:43:01 :: 200 HEAD /user/login?username=454752399 in 4.44 ms
[4487:INFO] 2013-08-21 11:43:02 :: 200 HEAD /user/login?username=454752399 in 4.39 ms
[4469:INFO] 2013-08-21 11:43:03 :: 200 HEAD /user/login?username=454752399 in 4.46 ms
[4475:INFO] 2013-08-21 11:43:04 :: 200 HEAD /user/login?username=454752399 in 4.48 ms
[4481:INFO] 2013-08-21 11:43:05 :: 200 HEAD /user/login?username=454752399 in 4.45 ms
[4487:INFO] 2013-08-21 11:43:06 :: 200 HEAD /user/login?username=454752399 in 4.47 ms
[4469:INFO] 2013-08-21 11:43:07 :: 200 HEAD /user/login?username=454752399 in 4.46 ms
[4475:INFO] 2013-08-21 11:43:08 :: 200 HEAD /user/login?username=454752399 in 4.56 ms
[4481:INFO] 2013-08-21 11:43:09 :: 200 HEAD /user/login?username=454752399 in 4.51 ms
[4487:INFO] 2013-08-21 11:43:10 :: 200 HEAD /user/login?username=454752399 in 4.43 ms
[4469:INFO] 2013-08-21 11:43:11 :: 200 HEAD /user/login?username=454752399 in 4.43 ms
[4475:INFO] 2013-08-21 11:43:12 :: 200 HEAD /user/login?username=454752399 in 4.42 ms
[4481:INFO] 2013-08-21 11:43:13 :: 200 HEAD /user/login?username=454752399 in 4.43 ms
[4487:INFO] 2013-08-21 11:43:14 :: 200 HEAD /user/login?username=454752399 in 4.41 ms
[4469:INFO] 2013-08-21 11:43:15 :: 200 HEAD /user/login?username=454752399 in 4.44 ms
[4475:INFO] 2013-08-21 11:43:16 :: 200 HEAD /user/login?username=454752399 in 4.45 ms
[4481:INFO] 2013-08-21 11:43:17 :: 200 HEAD /user/login?username=454752399 in 4.46 ms
[4487:INFO] 2013-08-21 11:43:18 :: 200 HEAD /user/login?username=454752399 in 4.45 ms
[4469:INFO] 2013-08-21 11:43:29 :: 200 HEAD /user/login?username=454752399 in 4.40 ms
[4475:INFO] 2013-08-21 11:43:30 :: 200 HEAD /user/login?username=454752399 in 4.46 ms
[4481:INFO] 2013-08-21 11:43:31 :: 200 HEAD /user/login?username=454752399 in 4.48 ms
[4487:INFO] 2013-08-21 11:43:32 :: 200 HEAD /user/login?username=454752399 in 4.51 ms
[4469:INFO] 2013-08-21 11:43:33 :: 200 HEAD /user/login?username=454752399 in 4.40 ms
[4475:INFO] 2013-08-21 11:43:34 :: 200 HEAD /user/login?username=454752399 in 4.43 ms
[4481:INFO] 2013-08-21 11:43:35 :: 200 HEAD /user/login?username=454752399 in 4.47 ms
[4487:INFO] 2013-08-21 11:43:36 :: 200 HEAD /user/login?username=454752399 in 4.44 ms
[4469:INFO] 2013-08-21 11:43:37 :: 200 HEAD /user/login?username=454752399 in 4.44 ms
[4475:INFO] 2013-08-21 11:43:38 :: 200 HEAD /user/login?username=454752399 in 4.44 ms
[4481:INFO] 2013-08-21 11:43:39 :: 200 HEAD /user/login?username=454752399 in 4.42 ms
[4487:INFO] 2013-08-21 11:43:40 :: 200 HEAD /user/login?username=454752399 in 4.43 ms
[4469:INFO] 2013-08-21 11:43:41 :: 200 HEAD /user/login?username=454752399 in 4.39 ms
[4475:INFO] 2013-08-21 11:43:42 :: 200 HEAD /user/login?username=454752399 in 4.43 ms
[4481:INFO] 2013-08-21 11:43:43 :: 200 HEAD /user/login?username=454752399 in 4.42 ms
[4487:INFO] 2013-08-21 11:43:44 :: 200 HEAD /user/login?username=454752399 in 4.48 ms
[4469:INFO] 2013-08-21 11:43:45 :: 200 HEAD /user/login?username=454752399 in 4.43 ms
[4475:INFO] 2013-08-21 11:43:46 :: 200 HEAD /user/login?username=454752399 in 4.45 ms
[4481:INFO] 2013-08-21 11:43:47 :: 200 HEAD /user/login?username=454752399 in 4.48 ms
[4487:INFO] 2013-08-21 11:43:48 :: 200 HEAD /user/login?username=454752399 in 4.47 ms
[4469:INFO] 2013-08-21 11:43:52 :: 200 HEAD /user/login?username=454752399 in 3.94 ms
[4475:INFO] 2013-08-21 11:43:53 :: 200 HEAD /user/login?username=454752399 in 4.45 ms
[4481:INFO] 2013-08-21 11:43:54 :: 200 HEAD /user/login?username=454752399 in 4.48 ms
[4487:INFO] 2013-08-21 11:43:55 :: 200 HEAD /user/login?username=454752399 in 4.53 ms
[4469:INFO] 2013-08-21 11:43:56 :: 200 HEAD /user/login?username=454752399 in 4.48 ms
[4475:INFO] 2013-08-21 11:43:57 :: 200 HEAD /user/login?username=454752399 in 4.43 ms
[4481:INFO] 2013-08-21 11:43:58 :: 200 HEAD /user/login?username=454752399 in 4.42 ms
[4487:INFO] 2013-08-21 11:43:59 :: 200 HEAD /user/login?username=454752399 in 4.41 ms
[4469:INFO] 2013-08-21 11:44:35 :: 200 HEAD /user/login?username=454752399 in 4.41 ms
[4475:INFO] 2013-08-21 11:44:36 :: 200 HEAD /user/login?username=454752399 in 4.41 ms
[4481:INFO] 2013-08-21 11:44:37 :: 200 HEAD /user/login?username=454752399 in 2.69 ms
[4487:INFO] 2013-08-21 11:44:38 :: 200 HEAD /user/login?username=454752399 in 4.46 ms
[4469:INFO] 2013-08-21 11:44:39 :: 200 HEAD /user/login?username=454752399 in 4.40 ms
[4475:INFO] 2013-08-21 11:44:40 :: 200 HEAD /user/login?username=454752399 in 4.43 ms
[4481:INFO] 2013-08-21 11:44:41 :: 200 HEAD /user/login?username=454752399 in 4.45 ms
[4487:INFO] 2013-08-21 11:44:42 :: 200 HEAD /user/login?username=454752399 in 4.50 ms
[4469:INFO] 2013-08-21 11:44:43 :: 200 HEAD /user/login?username=454752399 in 4.60 ms
[4475:INFO] 2013-08-21 11:44:44 :: 200 HEAD /user/login?username=454752399 in 4.44 ms
[4481:INFO] 2013-08-21 11:44:45 :: 200 HEAD /user/login?username=454752399 in 4.43 ms
[4487:INFO] 2013-08-21 11:44:46 :: 200 HEAD /user/login?username=454752399 in 4.46 ms
[4469:INFO] 2013-08-21 11:44:47 :: 200 HEAD /user/login?username=454752399 in 4.48 ms
[4475:INFO] 2013-08-21 11:44:48 :: 200 HEAD /user/login?username=454752399 in 4.45 ms
[4481:INFO] 2013-08-21 11:44:49 :: 200 HEAD /user/login?username=454752399 in 4.50 ms
[4487:INFO] 2013-08-21 11:44:50 :: 200 HEAD /user/login?username=454752399 in 4.41 ms
[4469:INFO] 2013-08-21 11:44:51 :: 200 HEAD /user/login?username=454752399 in 4.39 ms
[4475:INFO] 2013-08-21 11:44:52 :: 200 HEAD /user/login?username=454752399 in 4.42 ms
[4481:INFO] 2013-08-21 11:44:53 :: 200 HEAD /user/login?username=454752399 in 4.42 ms
[4487:INFO] 2013-08-21 11:44:54 :: 200 HEAD /user/login?username=454752399 in 4.46 ms
[4469:INFO] 2013-08-21 11:45:24 :: 200 HEAD /user/login?username=454752399 in 4.48 ms
[4475:INFO] 2013-08-21 11:45:25 :: 200 HEAD /user/login?username=454752399 in 4.61 ms
[4481:INFO] 2013-08-21 11:45:26 :: 200 HEAD /user/login?username=454752399 in 4.43 ms
[4487:INFO] 2013-08-21 11:45:27 :: 200 HEAD /user/login?username=454752399 in 4.39 ms
[4469:INFO] 2013-08-21 11:45:28 :: 200 HEAD /user/login?username=454752399 in 4.39 ms
[4475:INFO] 2013-08-21 11:45:29 :: 200 HEAD /user/login?username=454752399 in 2.77 ms
[4481:INFO] 2013-08-21 11:45:30 :: 200 HEAD /user/login?username=454752399 in 4.52 ms
[4487:INFO] 2013-08-21 11:45:31 :: 200 HEAD /user/login?username=454752399 in 2.63 ms
[4469:INFO] 2013-08-21 11:45:32 :: 200 HEAD /user/login?username=454752399 in 4.51 ms
[4475:INFO] 2013-08-21 11:45:37 :: 200 HEAD /jianghu/get_jianghu_recorders?session_key=67ca18a86bfb6a5d5873f07aceb3e487d324cbe11507e1eac3185506ed12985f in 52.23 ms
[4481:INFO] 2013-08-21 11:45:38 :: 200 HEAD /jianghu/get_jianghu_recorders?session_key=67ca18a86bfb6a5d5873f07aceb3e487d324cbe11507e1eac3185506ed12985f in 87.58 ms
[4487:INFO] 2013-08-21 11:45:39 :: 200 HEAD /jianghu/get_jianghu_recorders?session_key=67ca18a86bfb6a5d5873f07aceb3e487d324cbe11507e1eac3185506ed12985f in 82.90 ms
[4469:INFO] 2013-08-21 11:45:40 :: 200 HEAD /jianghu/get_jianghu_recorders?session_key=67ca18a86bfb6a5d5873f07aceb3e487d324cbe11507e1eac3185506ed12985f in 79.54 ms
[4475:INFO] 2013-08-21 11:45:41 :: 200 HEAD /jianghu/get_jianghu_recorders?session_key=67ca18a86bfb6a5d5873f07aceb3e487d324cbe11507e1eac3185506ed12985f in 79.73 ms
[4481:INFO] 2013-08-21 11:45:42 :: 200 HEAD /jianghu/get_jianghu_recorders?session_key=67ca18a86bfb6a5d5873f07aceb3e487d324cbe11507e1eac3185506ed12985f in 86.38 ms
[4487:INFO] 2013-08-21 11:45:44 :: 200 HEAD /jianghu/get_jianghu_recorders?session_key=67ca18a86bfb6a5d5873f07aceb3e487d324cbe11507e1eac3185506ed12985f in 47.60 ms
[4469:INFO] 2013-08-21 11:45:45 :: 200 HEAD /jianghu/get_jianghu_recorders?session_key=67ca18a86bfb6a5d5873f07aceb3e487d324cbe11507e1eac3185506ed12985f in 85.32 ms
[4475:INFO] 2013-08-21 11:45:46 :: 200 HEAD /jianghu/get_jianghu_recorders?session_key=67ca18a86bfb6a5d5873f07aceb3e487d324cbe11507e1eac3185506ed12985f in 82.03 ms
[4481:INFO] 2013-08-21 11:45:47 :: 200 HEAD /jianghu/get_jianghu_recorders?session_key=67ca18a86bfb6a5d5873f07aceb3e487d324cbe11507e1eac3185506ed12985f in 81.51 ms
[4487:INFO] 2013-08-21 11:45:48 :: 200 HEAD /jianghu/get_jianghu_recorders?session_key=67ca18a86bfb6a5d5873f07aceb3e487d324cbe11507e1eac3185506ed12985f in 85.19 ms
[4469:INFO] 2013-08-21 11:45:49 :: 200 HEAD /jianghu/get_jianghu_recorders?session_key=67ca18a86bfb6a5d5873f07aceb3e487d324cbe11507e1eac3185506ed12985f in 75.10 ms
[4475:INFO] 2013-08-21 11:45:50 :: 200 HEAD /jianghu/get_jianghu_recorders?session_key=67ca18a86bfb6a5d5873f07aceb3e487d324cbe11507e1eac3185506ed12985f in 84.03 ms
[4481:INFO] 2013-08-21 11:45:51 :: 200 HEAD /jianghu/get_jianghu_recorders?session_key=67ca18a86bfb6a5d5873f07aceb3e487d324cbe11507e1eac3185506ed12985f in 81.06 ms
[4487:INFO] 2013-08-21 11:46:06 :: 200 HEAD /jianghu/get_jianghu_recorders?session_key=67ca18a86bfb6a5d5873f07aceb3e487d324cbe11507e1eac3185506ed12985f in 660.44 ms
[4469:INFO] 2013-08-21 11:46:08 :: 200 HEAD /jianghu/get_jianghu_recorders?session_key=67ca18a86bfb6a5d5873f07aceb3e487d324cbe11507e1eac3185506ed12985f in 646.34 ms
[4475:INFO] 2013-08-21 11:46:10 :: 200 HEAD /jianghu/get_jianghu_recorders?session_key=67ca18a86bfb6a5d5873f07aceb3e487d324cbe11507e1eac3185506ed12985f in 659.15 ms
[4481:INFO] 2013-08-21 11:46:11 :: 200 HEAD /jianghu/get_jianghu_recorders?session_key=67ca18a86bfb6a5d5873f07aceb3e487d324cbe11507e1eac3185506ed12985f in 668.40 ms
[4487:INFO] 2013-08-21 11:46:13 :: 200 HEAD /jianghu/get_jianghu_recorders?session_key=67ca18a86bfb6a5d5873f07aceb3e487d324cbe11507e1eac3185506ed12985f in 637.26 ms
[4469:INFO] 2013-08-21 11:46:15 :: 200 HEAD /jianghu/get_jianghu_recorders?session_key=67ca18a86bfb6a5d5873f07aceb3e487d324cbe11507e1eac3185506ed12985f in 643.65 ms
[4475:INFO] 2013-08-21 11:46:16 :: 200 HEAD /jianghu/get_jianghu_recorders?session_key=67ca18a86bfb6a5d5873f07aceb3e487d324cbe11507e1eac3185506ed12985f in 646.62 ms
[4481:INFO] 2013-08-21 11:46:18 :: 200 HEAD /jianghu/get_jianghu_recorders?session_key=67ca18a86bfb6a5d5873f07aceb3e487d324cbe11507e1eac3185506ed12985f in 657.87 ms
[4487:INFO] 2013-08-21 11:46:19 :: 200 HEAD /jianghu/get_jianghu_recorders?session_key=67ca18a86bfb6a5d5873f07aceb3e487d324cbe11507e1eac3185506ed12985f in 588.75 ms
[4469:INFO] 2013-08-21 11:46:21 :: 200 HEAD /jianghu/get_jianghu_recorders?session_key=67ca18a86bfb6a5d5873f07aceb3e487d324cbe11507e1eac3185506ed12985f in 588.95 ms
[4475:INFO] 2013-08-21 11:46:23 :: 200 HEAD /jianghu/get_jianghu_recorders?session_key=67ca18a86bfb6a5d5873f07aceb3e487d324cbe11507e1eac3185506ed12985f in 596.36 ms
[4481:INFO] 2013-08-21 11:46:24 :: 200 HEAD /jianghu/get_jianghu_recorders?session_key=67ca18a86bfb6a5d5873f07aceb3e487d324cbe11507e1eac3185506ed12985f in 600.93 ms
[4487:INFO] 2013-08-21 11:46:26 :: 200 HEAD /jianghu/get_jianghu_recorders?session_key=67ca18a86bfb6a5d5873f07aceb3e487d324cbe11507e1eac3185506ed12985f in 649.72 ms
[4469:INFO] 2013-08-21 11:46:28 :: 200 HEAD /jianghu/get_jianghu_recorders?session_key=67ca18a86bfb6a5d5873f07aceb3e487d324cbe11507e1eac3185506ed12985f in 643.50 ms
[4475:INFO] 2013-08-21 11:46:29 :: 200 HEAD /jianghu/get_jianghu_recorders?session_key=67ca18a86bfb6a5d5873f07aceb3e487d324cbe11507e1eac3185506ed12985f in 645.10 ms
[4481:INFO] 2013-08-21 11:46:31 :: 200 HEAD /jianghu/get_jianghu_recorders?session_key=67ca18a86bfb6a5d5873f07aceb3e487d324cbe11507e1eac3185506ed12985f in 648.88 ms
[4487:INFO] 2013-08-21 11:46:32 :: 200 HEAD /jianghu/get_jianghu_recorders?session_key=67ca18a86bfb6a5d5873f07aceb3e487d324cbe11507e1eac3185506ed12985f in 642.71 ms
[4469:INFO] 2013-08-21 11:46:34 :: 200 HEAD /jianghu/get_jianghu_recorders?session_key=67ca18a86bfb6a5d5873f07aceb3e487d324cbe11507e1eac3185506ed12985f in 644.04 ms
[4475:INFO] 2013-08-21 11:46:36 :: 200 HEAD /jianghu/get_jianghu_recorders?session_key=67ca18a86bfb6a5d5873f07aceb3e487d324cbe11507e1eac3185506ed12985f in 650.07 ms
[4481:INFO] 2013-08-21 11:46:37 :: 200 HEAD /jianghu/get_jianghu_recorders?session_key=67ca18a86bfb6a5d5873f07aceb3e487d324cbe11507e1eac3185506ed12985f in 655.76 ms
[4926:INFO] 2013-08-21 11:50:59 :: Starting server on 0.0.0.0:9001 in production mode. Watch out for stones.
[4935:INFO] 2013-08-21 11:50:59 :: Starting server on 0.0.0.0:9002 in production mode. Watch out for stones.
[4941:INFO] 2013-08-21 11:50:59 :: Starting server on 0.0.0.0:9003 in production mode. Watch out for stones.
[4947:INFO] 2013-08-21 11:50:59 :: Starting server on 0.0.0.0:9004 in production mode. Watch out for stones.
[4947:INFO] 2013-08-21 11:51:12 :: 200 HEAD /jianghu/get_jianghu_recorders?session_key=67ca18a86bfb6a5d5873f07aceb3e487d324cbe11507e1eac3185506ed12985f in 1749.89 ms
[4926:INFO] 2013-08-21 11:51:15 :: 200 HEAD /jianghu/get_jianghu_recorders?session_key=67ca18a86bfb6a5d5873f07aceb3e487d324cbe11507e1eac3185506ed12985f in 1729.85 ms
[4935:INFO] 2013-08-21 11:51:17 :: 200 HEAD /jianghu/get_jianghu_recorders?session_key=67ca18a86bfb6a5d5873f07aceb3e487d324cbe11507e1eac3185506ed12985f in 1736.33 ms
[4941:INFO] 2013-08-21 11:51:20 :: 200 HEAD /jianghu/get_jianghu_recorders?session_key=67ca18a86bfb6a5d5873f07aceb3e487d324cbe11507e1eac3185506ed12985f in 1735.39 ms
[4947:INFO] 2013-08-21 11:51:22 :: 200 HEAD /jianghu/get_jianghu_recorders?session_key=67ca18a86bfb6a5d5873f07aceb3e487d324cbe11507e1eac3185506ed12985f in 550.15 ms
[4926:INFO] 2013-08-21 11:51:23 :: 200 HEAD /jianghu/get_jianghu_recorders?session_key=67ca18a86bfb6a5d5873f07aceb3e487d324cbe11507e1eac3185506ed12985f in 527.26 ms
[4935:INFO] 2013-08-21 11:51:25 :: 200 HEAD /jianghu/get_jianghu_recorders?session_key=67ca18a86bfb6a5d5873f07aceb3e487d324cbe11507e1eac3185506ed12985f in 540.34 ms
[4941:INFO] 2013-08-21 11:51:26 :: 200 HEAD /jianghu/get_jianghu_recorders?session_key=67ca18a86bfb6a5d5873f07aceb3e487d324cbe11507e1eac3185506ed12985f in 543.16 ms
[4947:INFO] 2013-08-21 11:51:28 :: 200 HEAD /jianghu/get_jianghu_recorders?session_key=67ca18a86bfb6a5d5873f07aceb3e487d324cbe11507e1eac3185506ed12985f in 604.35 ms
[4926:INFO] 2013-08-21 11:51:29 :: 200 HEAD /jianghu/get_jianghu_recorders?session_key=67ca18a86bfb6a5d5873f07aceb3e487d324cbe11507e1eac3185506ed12985f in 594.20 ms
[4935:INFO] 2013-08-21 11:51:31 :: 200 HEAD /jianghu/get_jianghu_recorders?session_key=67ca18a86bfb6a5d5873f07aceb3e487d324cbe11507e1eac3185506ed12985f in 599.41 ms
[4941:INFO] 2013-08-21 11:51:33 :: 200 HEAD /jianghu/get_jianghu_recorders?session_key=67ca18a86bfb6a5d5873f07aceb3e487d324cbe11507e1eac3185506ed12985f in 598.76 ms
[4947:INFO] 2013-08-21 11:51:34 :: 200 HEAD /jianghu/get_jianghu_recorders?session_key=67ca18a86bfb6a5d5873f07aceb3e487d324cbe11507e1eac3185506ed12985f in 551.07 ms
[4926:INFO] 2013-08-21 11:51:36 :: 200 HEAD /jianghu/get_jianghu_recorders?session_key=67ca18a86bfb6a5d5873f07aceb3e487d324cbe11507e1eac3185506ed12985f in 541.93 ms
[4935:INFO] 2013-08-21 11:51:37 :: 200 HEAD /jianghu/get_jianghu_recorders?session_key=67ca18a86bfb6a5d5873f07aceb3e487d324cbe11507e1eac3185506ed12985f in 550.37 ms
[4941:INFO] 2013-08-21 11:51:39 :: 200 HEAD /jianghu/get_jianghu_recorders?session_key=67ca18a86bfb6a5d5873f07aceb3e487d324cbe11507e1eac3185506ed12985f in 555.65 ms
[4947:INFO] 2013-08-21 11:51:40 :: 200 HEAD /jianghu/get_jianghu_recorders?session_key=67ca18a86bfb6a5d5873f07aceb3e487d324cbe11507e1eac3185506ed12985f in 550.28 ms
[4926:INFO] 2013-08-21 11:51:42 :: 200 HEAD /jianghu/get_jianghu_recorders?session_key=67ca18a86bfb6a5d5873f07aceb3e487d324cbe11507e1eac3185506ed12985f in 602.46 ms
[4935:INFO] 2013-08-21 11:51:44 :: 200 HEAD /jianghu/get_jianghu_recorders?session_key=67ca18a86bfb6a5d5873f07aceb3e487d324cbe11507e1eac3185506ed12985f in 552.10 ms
[4941:INFO] 2013-08-21 11:51:45 :: 200 HEAD /jianghu/get_jianghu_recorders?session_key=67ca18a86bfb6a5d5873f07aceb3e487d324cbe11507e1eac3185506ed12985f in 555.74 ms
[4947:INFO] 2013-08-21 11:52:06 :: 200 HEAD /jianghu/get_jianghu_recorders?session_key=67ca18a86bfb6a5d5873f07aceb3e487d324cbe11507e1eac3185506ed12985f in 57.52 ms
[4926:INFO] 2013-08-21 11:52:07 :: 200 HEAD /jianghu/get_jianghu_recorders?session_key=67ca18a86bfb6a5d5873f07aceb3e487d324cbe11507e1eac3185506ed12985f in 80.20 ms
[4935:INFO] 2013-08-21 11:52:08 :: 200 HEAD /jianghu/get_jianghu_recorders?session_key=67ca18a86bfb6a5d5873f07aceb3e487d324cbe11507e1eac3185506ed12985f in 85.76 ms
[4941:INFO] 2013-08-21 11:52:09 :: 200 HEAD /jianghu/get_jianghu_recorders?session_key=67ca18a86bfb6a5d5873f07aceb3e487d324cbe11507e1eac3185506ed12985f in 82.03 ms
[4947:INFO] 2013-08-21 11:52:10 :: 200 HEAD /jianghu/get_jianghu_recorders?session_key=67ca18a86bfb6a5d5873f07aceb3e487d324cbe11507e1eac3185506ed12985f in 80.22 ms
[4926:INFO] 2013-08-21 11:52:12 :: 200 HEAD /jianghu/get_jianghu_recorders?session_key=67ca18a86bfb6a5d5873f07aceb3e487d324cbe11507e1eac3185506ed12985f in 79.93 ms
[4935:INFO] 2013-08-21 11:52:13 :: 200 HEAD /jianghu/get_jianghu_recorders?session_key=67ca18a86bfb6a5d5873f07aceb3e487d324cbe11507e1eac3185506ed12985f in 85.28 ms
[4941:INFO] 2013-08-21 11:52:14 :: 200 HEAD /jianghu/get_jianghu_recorders?session_key=67ca18a86bfb6a5d5873f07aceb3e487d324cbe11507e1eac3185506ed12985f in 71.78 ms
[4947:INFO] 2013-08-21 11:52:15 :: 200 HEAD /jianghu/get_jianghu_recorders?session_key=67ca18a86bfb6a5d5873f07aceb3e487d324cbe11507e1eac3185506ed12985f in 143.87 ms
[4926:INFO] 2013-08-21 11:52:16 :: 200 HEAD /jianghu/get_jianghu_recorders?session_key=67ca18a86bfb6a5d5873f07aceb3e487d324cbe11507e1eac3185506ed12985f in 83.07 ms
[4935:INFO] 2013-08-21 11:52:17 :: 200 HEAD /jianghu/get_jianghu_recorders?session_key=67ca18a86bfb6a5d5873f07aceb3e487d324cbe11507e1eac3185506ed12985f in 124.54 ms
[4941:INFO] 2013-08-21 11:52:18 :: 200 HEAD /jianghu/get_jianghu_recorders?session_key=67ca18a86bfb6a5d5873f07aceb3e487d324cbe11507e1eac3185506ed12985f in 111.98 ms
[4947:INFO] 2013-08-21 11:52:19 :: 200 HEAD /jianghu/get_jianghu_recorders?session_key=67ca18a86bfb6a5d5873f07aceb3e487d324cbe11507e1eac3185506ed12985f in 84.22 ms
[4926:INFO] 2013-08-21 11:52:20 :: 200 HEAD /jianghu/get_jianghu_recorders?session_key=67ca18a86bfb6a5d5873f07aceb3e487d324cbe11507e1eac3185506ed12985f in 80.21 ms
[4935:INFO] 2013-08-21 11:52:21 :: 200 HEAD /jianghu/get_jianghu_recorders?session_key=67ca18a86bfb6a5d5873f07aceb3e487d324cbe11507e1eac3185506ed12985f in 87.18 ms
[4941:INFO] 2013-08-21 11:52:23 :: 200 HEAD /jianghu/get_jianghu_recorders?session_key=67ca18a86bfb6a5d5873f07aceb3e487d324cbe11507e1eac3185506ed12985f in 83.10 ms
[4947:INFO] 2013-08-21 11:52:24 :: 200 HEAD /jianghu/get_jianghu_recorders?session_key=67ca18a86bfb6a5d5873f07aceb3e487d324cbe11507e1eac3185506ed12985f in 87.44 ms
[4926:INFO] 2013-08-21 11:52:25 :: 200 HEAD /jianghu/get_jianghu_recorders?session_key=67ca18a86bfb6a5d5873f07aceb3e487d324cbe11507e1eac3185506ed12985f in 80.95 ms
[4935:INFO] 2013-08-21 11:52:26 :: 200 HEAD /jianghu/get_jianghu_recorders?session_key=67ca18a86bfb6a5d5873f07aceb3e487d324cbe11507e1eac3185506ed12985f in 87.62 ms
[4941:INFO] 2013-08-21 11:52:27 :: 200 HEAD /jianghu/get_jianghu_recorders?session_key=67ca18a86bfb6a5d5873f07aceb3e487d324cbe11507e1eac3185506ed12985f in 54.03 ms
[4947:INFO] 2013-08-21 11:53:07 :: 200 HEAD /jianghu/get_jianghu_recorders?session_key=67ca18a86bfb6a5d5873f07aceb3e487d324cbe11507e1eac3185506ed12985f in 560.37 ms
[4926:INFO] 2013-08-21 11:53:09 :: 200 HEAD /jianghu/get_jianghu_recorders?session_key=67ca18a86bfb6a5d5873f07aceb3e487d324cbe11507e1eac3185506ed12985f in 624.65 ms
[4935:INFO] 2013-08-21 11:53:10 :: 200 HEAD /jianghu/get_jianghu_recorders?session_key=67ca18a86bfb6a5d5873f07aceb3e487d324cbe11507e1eac3185506ed12985f in 553.21 ms
[4941:INFO] 2013-08-21 11:53:12 :: 200 HEAD /jianghu/get_jianghu_recorders?session_key=67ca18a86bfb6a5d5873f07aceb3e487d324cbe11507e1eac3185506ed12985f in 562.24 ms
[4947:INFO] 2013-08-21 11:53:14 :: 200 HEAD /jianghu/get_jianghu_recorders?session_key=67ca18a86bfb6a5d5873f07aceb3e487d324cbe11507e1eac3185506ed12985f in 557.79 ms
[4926:INFO] 2013-08-21 11:53:15 :: 200 HEAD /jianghu/get_jianghu_recorders?session_key=67ca18a86bfb6a5d5873f07aceb3e487d324cbe11507e1eac3185506ed12985f in 547.22 ms
[4935:INFO] 2013-08-21 11:53:17 :: 200 HEAD /jianghu/get_jianghu_recorders?session_key=67ca18a86bfb6a5d5873f07aceb3e487d324cbe11507e1eac3185506ed12985f in 553.59 ms
[4941:INFO] 2013-08-21 11:53:18 :: 200 HEAD /jianghu/get_jianghu_recorders?session_key=67ca18a86bfb6a5d5873f07aceb3e487d324cbe11507e1eac3185506ed12985f in 554.89 ms
[4947:INFO] 2013-08-21 11:53:20 :: 200 HEAD /jianghu/get_jianghu_recorders?session_key=67ca18a86bfb6a5d5873f07aceb3e487d324cbe11507e1eac3185506ed12985f in 611.01 ms
[4926:INFO] 2013-08-21 11:53:21 :: 200 HEAD /jianghu/get_jianghu_recorders?session_key=67ca18a86bfb6a5d5873f07aceb3e487d324cbe11507e1eac3185506ed12985f in 611.19 ms
[4935:INFO] 2013-08-21 11:53:23 :: 200 HEAD /jianghu/get_jianghu_recorders?session_key=67ca18a86bfb6a5d5873f07aceb3e487d324cbe11507e1eac3185506ed12985f in 606.75 ms
[4941:INFO] 2013-08-21 11:53:25 :: 200 HEAD /jianghu/get_jianghu_recorders?session_key=67ca18a86bfb6a5d5873f07aceb3e487d324cbe11507e1eac3185506ed12985f in 603.28 ms
[4947:INFO] 2013-08-21 11:53:26 :: 200 HEAD /jianghu/get_jianghu_recorders?session_key=67ca18a86bfb6a5d5873f07aceb3e487d324cbe11507e1eac3185506ed12985f in 556.12 ms
[4926:INFO] 2013-08-21 11:53:28 :: 200 HEAD /jianghu/get_jianghu_recorders?session_key=67ca18a86bfb6a5d5873f07aceb3e487d324cbe11507e1eac3185506ed12985f in 549.71 ms
[4935:INFO] 2013-08-21 11:53:29 :: 200 HEAD /jianghu/get_jianghu_recorders?session_key=67ca18a86bfb6a5d5873f07aceb3e487d324cbe11507e1eac3185506ed12985f in 554.75 ms
[4941:INFO] 2013-08-21 11:53:31 :: 200 HEAD /jianghu/get_jianghu_recorders?session_key=67ca18a86bfb6a5d5873f07aceb3e487d324cbe11507e1eac3185506ed12985f in 552.28 ms
[4947:INFO] 2013-08-21 11:53:33 :: 200 HEAD /jianghu/get_jianghu_recorders?session_key=67ca18a86bfb6a5d5873f07aceb3e487d324cbe11507e1eac3185506ed12985f in 614.42 ms
[4926:INFO] 2013-08-21 11:53:34 :: 200 HEAD /jianghu/get_jianghu_recorders?session_key=67ca18a86bfb6a5d5873f07aceb3e487d324cbe11507e1eac3185506ed12985f in 606.40 ms
[4935:INFO] 2013-08-21 11:53:36 :: 200 HEAD /jianghu/get_jianghu_recorders?session_key=67ca18a86bfb6a5d5873f07aceb3e487d324cbe11507e1eac3185506ed12985f in 610.26 ms
[4941:INFO] 2013-08-21 11:53:37 :: 200 HEAD /jianghu/get_jianghu_recorders?session_key=67ca18a86bfb6a5d5873f07aceb3e487d324cbe11507e1eac3185506ed12985f in 613.99 ms
[4947:INFO] 2013-08-21 11:54:01 :: 200 GET /jianghu/get_jianghu_recorders?session_key=67ca18a86bfb6a5d5873f07aceb3e487d324cbe11507e1eac3185506ed12985f in 558.40 ms
[4926:INFO] 2013-08-21 11:54:14 :: 200 GET /jianghu/get_jianghu_recorders?session_key=67ca18a86bfb6a5d5873f07aceb3e487d324cbe11507e1eac3185506ed12985f in 556.39 ms
[4935:INFO] 2013-08-21 11:54:56 :: 200 GET /user/login?username=454752399&password=123456 in 556.16 ms
[4941:INFO] 2013-08-21 11:55:00 :: 200 GET /user/login?username=454752399&password=123456 in 576.88 ms
[4947:INFO] 2013-08-21 11:55:02 :: 200 GET /user/login?username=454752399&password=123456 in 574.66 ms
[4926:INFO] 2013-08-21 11:55:10 :: 200 GET /user/login?username=454752399&password=123456 in 617.39 ms
[4935:INFO] 2013-08-21 11:55:21 :: 200 HEAD /user/login?username=454752399 in 5.36 ms
[4941:INFO] 2013-08-21 11:55:22 :: 200 HEAD /user/login?username=454752399 in 5.15 ms
[4947:INFO] 2013-08-21 11:55:23 :: 200 HEAD /user/login?username=454752399 in 4.80 ms
[4926:INFO] 2013-08-21 11:55:24 :: 200 HEAD /user/login?username=454752399 in 4.92 ms
[4935:INFO] 2013-08-21 11:55:25 :: 200 HEAD /user/login?username=454752399 in 4.34 ms
[4941:INFO] 2013-08-21 11:55:26 :: 200 HEAD /user/login?username=454752399 in 2.71 ms
[4947:INFO] 2013-08-21 11:55:27 :: 200 HEAD /user/login?username=454752399 in 4.31 ms
[4926:INFO] 2013-08-21 11:55:28 :: 200 HEAD /user/login?username=454752399 in 4.43 ms
[4935:INFO] 2013-08-21 11:55:29 :: 200 HEAD /user/login?username=454752399 in 4.37 ms
[4941:INFO] 2013-08-21 11:55:30 :: 200 HEAD /user/login?username=454752399 in 4.34 ms
[4947:INFO] 2013-08-21 11:55:31 :: 200 HEAD /user/login?username=454752399 in 4.36 ms
[4926:INFO] 2013-08-21 11:55:32 :: 200 HEAD /user/login?username=454752399 in 4.53 ms
[4935:INFO] 2013-08-21 11:55:33 :: 200 HEAD /user/login?username=454752399 in 4.39 ms
[4941:INFO] 2013-08-21 11:55:34 :: 200 HEAD /user/login?username=454752399 in 4.39 ms
[4947:INFO] 2013-08-21 11:55:35 :: 200 HEAD /user/login?username=454752399 in 4.38 ms
[4926:INFO] 2013-08-21 11:55:36 :: 200 HEAD /user/login?username=454752399 in 4.45 ms
[4935:INFO] 2013-08-21 11:55:37 :: 200 HEAD /user/login?username=454752399 in 4.33 ms
[4941:INFO] 2013-08-21 11:55:38 :: 200 HEAD /user/login?username=454752399 in 4.34 ms
[4947:INFO] 2013-08-21 11:55:39 :: 200 HEAD /user/login?username=454752399 in 4.29 ms
[4926:INFO] 2013-08-21 11:55:40 :: 200 HEAD /user/login?username=454752399 in 4.41 ms
[4935:INFO] 2013-08-21 11:57:34 :: 200 HEAD /jianghu/get_jianghu_recorders?session_key=67ca18a86bfb6a5d5873f07aceb3e487d324cbe11507e1eac3185506ed12985f in 3.92 ms
[4941:INFO] 2013-08-21 11:57:35 :: 200 HEAD /jianghu/get_jianghu_recorders?session_key=67ca18a86bfb6a5d5873f07aceb3e487d324cbe11507e1eac3185506ed12985f in 3.99 ms
[4947:INFO] 2013-08-21 11:57:36 :: 200 HEAD /jianghu/get_jianghu_recorders?session_key=67ca18a86bfb6a5d5873f07aceb3e487d324cbe11507e1eac3185506ed12985f in 3.92 ms
[4926:INFO] 2013-08-21 11:57:37 :: 200 HEAD /jianghu/get_jianghu_recorders?session_key=67ca18a86bfb6a5d5873f07aceb3e487d324cbe11507e1eac3185506ed12985f in 4.07 ms
[4935:INFO] 2013-08-21 11:57:38 :: 200 HEAD /jianghu/get_jianghu_recorders?session_key=67ca18a86bfb6a5d5873f07aceb3e487d324cbe11507e1eac3185506ed12985f in 3.99 ms
[4941:INFO] 2013-08-21 11:57:39 :: 200 HEAD /jianghu/get_jianghu_recorders?session_key=67ca18a86bfb6a5d5873f07aceb3e487d324cbe11507e1eac3185506ed12985f in 3.96 ms
[4947:INFO] 2013-08-21 11:57:40 :: 200 HEAD /jianghu/get_jianghu_recorders?session_key=67ca18a86bfb6a5d5873f07aceb3e487d324cbe11507e1eac3185506ed12985f in 4.04 ms
[4926:INFO] 2013-08-21 11:57:41 :: 200 HEAD /jianghu/get_jianghu_recorders?session_key=67ca18a86bfb6a5d5873f07aceb3e487d324cbe11507e1eac3185506ed12985f in 4.06 ms
[4935:INFO] 2013-08-21 11:57:42 :: 200 HEAD /jianghu/get_jianghu_recorders?session_key=67ca18a86bfb6a5d5873f07aceb3e487d324cbe11507e1eac3185506ed12985f in 4.01 ms
[4941:INFO] 2013-08-21 11:57:43 :: 200 HEAD /jianghu/get_jianghu_recorders?session_key=67ca18a86bfb6a5d5873f07aceb3e487d324cbe11507e1eac3185506ed12985f in 3.99 ms
[4947:INFO] 2013-08-21 11:57:44 :: 200 HEAD /jianghu/get_jianghu_recorders?session_key=67ca18a86bfb6a5d5873f07aceb3e487d324cbe11507e1eac3185506ed12985f in 4.06 ms
[4926:INFO] 2013-08-21 11:57:45 :: 200 HEAD /jianghu/get_jianghu_recorders?session_key=67ca18a86bfb6a5d5873f07aceb3e487d324cbe11507e1eac3185506ed12985f in 4.04 ms
[4935:INFO] 2013-08-21 11:57:46 :: 200 HEAD /jianghu/get_jianghu_recorders?session_key=67ca18a86bfb6a5d5873f07aceb3e487d324cbe11507e1eac3185506ed12985f in 4.18 ms
[4941:INFO] 2013-08-21 11:57:47 :: 200 HEAD /jianghu/get_jianghu_recorders?session_key=67ca18a86bfb6a5d5873f07aceb3e487d324cbe11507e1eac3185506ed12985f in 3.95 ms
[4947:INFO] 2013-08-21 11:57:48 :: 200 HEAD /jianghu/get_jianghu_recorders?session_key=67ca18a86bfb6a5d5873f07aceb3e487d324cbe11507e1eac3185506ed12985f in 2.44 ms
[4926:INFO] 2013-08-21 11:57:49 :: 200 HEAD /jianghu/get_jianghu_recorders?session_key=67ca18a86bfb6a5d5873f07aceb3e487d324cbe11507e1eac3185506ed12985f in 4.05 ms
[4935:INFO] 2013-08-21 11:57:50 :: 200 HEAD /jianghu/get_jianghu_recorders?session_key=67ca18a86bfb6a5d5873f07aceb3e487d324cbe11507e1eac3185506ed12985f in 4.00 ms
[4941:INFO] 2013-08-21 11:57:51 :: 200 HEAD /jianghu/get_jianghu_recorders?session_key=67ca18a86bfb6a5d5873f07aceb3e487d324cbe11507e1eac3185506ed12985f in 3.98 ms
[4947:INFO] 2013-08-21 11:57:52 :: 200 HEAD /jianghu/get_jianghu_recorders?session_key=67ca18a86bfb6a5d5873f07aceb3e487d324cbe11507e1eac3185506ed12985f in 4.03 ms
[4926:INFO] 2013-08-21 11:57:53 :: 200 HEAD /jianghu/get_jianghu_recorders?session_key=67ca18a86bfb6a5d5873f07aceb3e487d324cbe11507e1eac3185506ed12985f in 4.10 ms
[4935:INFO] 2013-08-21 11:58:35 :: 200 GET /jianghu/get_jianghu_recorders?session_key=02fefa82d68a689e38891471b12fb3a025abad92d01692942cface3b0b843076 in 631.85 ms
[4941:INFO] 2013-08-21 11:58:39 :: 200 GET /jianghu/get_jianghu_recorders?session_key=02fefa82d68a689e38891471b12fb3a025abad92d01692942cface3b0b843076 in 592.47 ms
[4947:INFO] 2013-08-21 11:58:50 :: 200 HEAD /jianghu/get_jianghu_recorders?session_key=67ca18a86bfb6a5d5873f07aceb3e487d324cbe11507e1eac3185506ed12985f in 4.03 ms
[4926:INFO] 2013-08-21 11:58:51 :: 200 HEAD /jianghu/get_jianghu_recorders?session_key=67ca18a86bfb6a5d5873f07aceb3e487d324cbe11507e1eac3185506ed12985f in 4.10 ms
[4935:INFO] 2013-08-21 11:58:52 :: 200 HEAD /jianghu/get_jianghu_recorders?session_key=67ca18a86bfb6a5d5873f07aceb3e487d324cbe11507e1eac3185506ed12985f in 4.19 ms
[4941:INFO] 2013-08-21 11:58:53 :: 200 HEAD /jianghu/get_jianghu_recorders?session_key=67ca18a86bfb6a5d5873f07aceb3e487d324cbe11507e1eac3185506ed12985f in 62.71 ms
[4947:INFO] 2013-08-21 11:58:54 :: 200 HEAD /jianghu/get_jianghu_recorders?session_key=67ca18a86bfb6a5d5873f07aceb3e487d324cbe11507e1eac3185506ed12985f in 4.05 ms
[4926:INFO] 2013-08-21 11:58:55 :: 200 HEAD /jianghu/get_jianghu_recorders?session_key=67ca18a86bfb6a5d5873f07aceb3e487d324cbe11507e1eac3185506ed12985f in 4.04 ms
[4935:INFO] 2013-08-21 11:59:17 :: 200 HEAD /jianghu/get_jianghu_recorders?session_key=02fefa82d68a689e38891471b12fb3a025abad92d01692942cface3b0b843076 in 563.78 ms
[4941:INFO] 2013-08-21 11:59:19 :: 200 HEAD /jianghu/get_jianghu_recorders?session_key=02fefa82d68a689e38891471b12fb3a025abad92d01692942cface3b0b843076 in 558.18 ms
[4947:INFO] 2013-08-21 11:59:21 :: 200 HEAD /jianghu/get_jianghu_recorders?session_key=02fefa82d68a689e38891471b12fb3a025abad92d01692942cface3b0b843076 in 624.23 ms
[4926:INFO] 2013-08-21 11:59:22 :: 200 HEAD /jianghu/get_jianghu_recorders?session_key=02fefa82d68a689e38891471b12fb3a025abad92d01692942cface3b0b843076 in 558.75 ms
[4935:INFO] 2013-08-21 11:59:24 :: 200 HEAD /jianghu/get_jianghu_recorders?session_key=02fefa82d68a689e38891471b12fb3a025abad92d01692942cface3b0b843076 in 561.80 ms
[4941:INFO] 2013-08-21 11:59:25 :: 200 HEAD /jianghu/get_jianghu_recorders?session_key=02fefa82d68a689e38891471b12fb3a025abad92d01692942cface3b0b843076 in 567.07 ms
[4947:INFO] 2013-08-21 11:59:27 :: 200 HEAD /jianghu/get_jianghu_recorders?session_key=02fefa82d68a689e38891471b12fb3a025abad92d01692942cface3b0b843076 in 563.11 ms
[4926:INFO] 2013-08-21 11:59:28 :: 200 HEAD /jianghu/get_jianghu_recorders?session_key=02fefa82d68a689e38891471b12fb3a025abad92d01692942cface3b0b843076 in 621.15 ms
[4935:INFO] 2013-08-21 11:59:30 :: 200 HEAD /jianghu/get_jianghu_recorders?session_key=02fefa82d68a689e38891471b12fb3a025abad92d01692942cface3b0b843076 in 619.97 ms
[4941:INFO] 2013-08-21 11:59:32 :: 200 HEAD /jianghu/get_jianghu_recorders?session_key=02fefa82d68a689e38891471b12fb3a025abad92d01692942cface3b0b843076 in 617.62 ms
[4947:INFO] 2013-08-21 11:59:33 :: 200 HEAD /jianghu/get_jianghu_recorders?session_key=02fefa82d68a689e38891471b12fb3a025abad92d01692942cface3b0b843076 in 633.01 ms
[4926:INFO] 2013-08-21 11:59:35 :: 200 HEAD /jianghu/get_jianghu_recorders?session_key=02fefa82d68a689e38891471b12fb3a025abad92d01692942cface3b0b843076 in 557.99 ms
[4935:INFO] 2013-08-21 11:59:36 :: 200 HEAD /jianghu/get_jianghu_recorders?session_key=02fefa82d68a689e38891471b12fb3a025abad92d01692942cface3b0b843076 in 565.19 ms
[4941:INFO] 2013-08-21 11:59:38 :: 200 HEAD /jianghu/get_jianghu_recorders?session_key=02fefa82d68a689e38891471b12fb3a025abad92d01692942cface3b0b843076 in 557.38 ms
[4947:INFO] 2013-08-21 11:59:40 :: 200 HEAD /jianghu/get_jianghu_recorders?session_key=02fefa82d68a689e38891471b12fb3a025abad92d01692942cface3b0b843076 in 563.01 ms
[4926:INFO] 2013-08-21 11:59:41 :: 200 HEAD /jianghu/get_jianghu_recorders?session_key=02fefa82d68a689e38891471b12fb3a025abad92d01692942cface3b0b843076 in 615.19 ms
[4935:INFO] 2013-08-21 11:59:43 :: 200 HEAD /jianghu/get_jianghu_recorders?session_key=02fefa82d68a689e38891471b12fb3a025abad92d01692942cface3b0b843076 in 562.10 ms
[4941:INFO] 2013-08-21 11:59:44 :: 200 HEAD /jianghu/get_jianghu_recorders?session_key=02fefa82d68a689e38891471b12fb3a025abad92d01692942cface3b0b843076 in 562.50 ms
[4947:INFO] 2013-08-21 11:59:46 :: 200 HEAD /jianghu/get_jianghu_recorders?session_key=02fefa82d68a689e38891471b12fb3a025abad92d01692942cface3b0b843076 in 564.59 ms
[4926:INFO] 2013-08-21 11:59:47 :: 200 HEAD /jianghu/get_jianghu_recorders?session_key=02fefa82d68a689e38891471b12fb3a025abad92d01692942cface3b0b843076 in 555.30 ms
[4935:INFO] 2013-08-21 11:59:57 :: 200 HEAD /jianghu/get_jianghu_recorders?session_key=02fefa82d68a689e38891471b12fb3a025abad92d01692942cface3b0b843076 in 627.22 ms
[4941:INFO] 2013-08-21 11:59:58 :: 200 HEAD /jianghu/get_jianghu_recorders?session_key=02fefa82d68a689e38891471b12fb3a025abad92d01692942cface3b0b843076 in 614.70 ms
[4947:INFO] 2013-08-21 12:00:00 :: 200 HEAD /jianghu/get_jianghu_recorders?session_key=02fefa82d68a689e38891471b12fb3a025abad92d01692942cface3b0b843076 in 623.85 ms
[4926:INFO] 2013-08-21 12:00:02 :: 200 HEAD /jianghu/get_jianghu_recorders?session_key=02fefa82d68a689e38891471b12fb3a025abad92d01692942cface3b0b843076 in 619.05 ms
[4935:INFO] 2013-08-21 12:00:03 :: 200 HEAD /jianghu/get_jianghu_recorders?session_key=02fefa82d68a689e38891471b12fb3a025abad92d01692942cface3b0b843076 in 567.26 ms
[4941:INFO] 2013-08-21 12:00:05 :: 200 HEAD /jianghu/get_jianghu_recorders?session_key=02fefa82d68a689e38891471b12fb3a025abad92d01692942cface3b0b843076 in 563.41 ms
[4947:INFO] 2013-08-21 12:00:06 :: 200 HEAD /jianghu/get_jianghu_recorders?session_key=02fefa82d68a689e38891471b12fb3a025abad92d01692942cface3b0b843076 in 564.46 ms
[4926:INFO] 2013-08-21 12:00:08 :: 200 HEAD /jianghu/get_jianghu_recorders?session_key=02fefa82d68a689e38891471b12fb3a025abad92d01692942cface3b0b843076 in 555.43 ms
[4935:INFO] 2013-08-21 12:00:10 :: 200 HEAD /jianghu/get_jianghu_recorders?session_key=02fefa82d68a689e38891471b12fb3a025abad92d01692942cface3b0b843076 in 567.31 ms
[4941:INFO] 2013-08-21 12:00:11 :: 200 HEAD /jianghu/get_jianghu_recorders?session_key=02fefa82d68a689e38891471b12fb3a025abad92d01692942cface3b0b843076 in 560.00 ms
[4947:INFO] 2013-08-21 12:00:13 :: 200 HEAD /jianghu/get_jianghu_recorders?session_key=02fefa82d68a689e38891471b12fb3a025abad92d01692942cface3b0b843076 in 568.30 ms
[4926:INFO] 2013-08-21 12:00:14 :: 200 HEAD /jianghu/get_jianghu_recorders?session_key=02fefa82d68a689e38891471b12fb3a025abad92d01692942cface3b0b843076 in 612.75 ms
[4935:INFO] 2013-08-21 12:00:16 :: 200 HEAD /jianghu/get_jianghu_recorders?session_key=02fefa82d68a689e38891471b12fb3a025abad92d01692942cface3b0b843076 in 628.33 ms
[4941:INFO] 2013-08-21 12:00:18 :: 200 HEAD /jianghu/get_jianghu_recorders?session_key=02fefa82d68a689e38891471b12fb3a025abad92d01692942cface3b0b843076 in 618.82 ms
[4947:INFO] 2013-08-21 12:00:19 :: 200 HEAD /jianghu/get_jianghu_recorders?session_key=02fefa82d68a689e38891471b12fb3a025abad92d01692942cface3b0b843076 in 624.56 ms
[4926:INFO] 2013-08-21 12:00:21 :: 200 HEAD /jianghu/get_jianghu_recorders?session_key=02fefa82d68a689e38891471b12fb3a025abad92d01692942cface3b0b843076 in 556.39 ms
[4935:INFO] 2013-08-21 12:00:22 :: 200 HEAD /jianghu/get_jianghu_recorders?session_key=02fefa82d68a689e38891471b12fb3a025abad92d01692942cface3b0b843076 in 562.94 ms
[4941:INFO] 2013-08-21 12:00:24 :: 200 HEAD /jianghu/get_jianghu_recorders?session_key=02fefa82d68a689e38891471b12fb3a025abad92d01692942cface3b0b843076 in 559.42 ms
[4947:INFO] 2013-08-21 12:00:25 :: 200 HEAD /jianghu/get_jianghu_recorders?session_key=02fefa82d68a689e38891471b12fb3a025abad92d01692942cface3b0b843076 in 563.48 ms
[4926:INFO] 2013-08-21 12:00:27 :: 200 HEAD /jianghu/get_jianghu_recorders?session_key=02fefa82d68a689e38891471b12fb3a025abad92d01692942cface3b0b843076 in 619.83 ms
[4926:INFO] 2013-08-21 12:01:41 :: 200 HEAD /jianghu/get_jianghu_recorders?session_key=02fefa82d68a689e38891471b12fb3a025abad92d01692942cface3b0b843076 in 563.10 ms
[4935:INFO] 2013-08-21 12:01:42 :: 200 HEAD /jianghu/get_jianghu_recorders?session_key=02fefa82d68a689e38891471b12fb3a025abad92d01692942cface3b0b843076 in 627.40 ms
[4941:INFO] 2013-08-21 12:01:44 :: 200 HEAD /jianghu/get_jianghu_recorders?session_key=02fefa82d68a689e38891471b12fb3a025abad92d01692942cface3b0b843076 in 564.09 ms
[4947:INFO] 2013-08-21 12:01:45 :: 200 HEAD /jianghu/get_jianghu_recorders?session_key=02fefa82d68a689e38891471b12fb3a025abad92d01692942cface3b0b843076 in 565.51 ms
[4926:INFO] 2013-08-21 12:01:47 :: 200 HEAD /jianghu/get_jianghu_recorders?session_key=02fefa82d68a689e38891471b12fb3a025abad92d01692942cface3b0b843076 in 615.56 ms
[4935:INFO] 2013-08-21 12:01:49 :: 200 HEAD /jianghu/get_jianghu_recorders?session_key=02fefa82d68a689e38891471b12fb3a025abad92d01692942cface3b0b843076 in 563.99 ms
[4941:INFO] 2013-08-21 12:01:50 :: 200 HEAD /jianghu/get_jianghu_recorders?session_key=02fefa82d68a689e38891471b12fb3a025abad92d01692942cface3b0b843076 in 614.24 ms
[4947:INFO] 2013-08-21 12:01:52 :: 200 HEAD /jianghu/get_jianghu_recorders?session_key=02fefa82d68a689e38891471b12fb3a025abad92d01692942cface3b0b843076 in 622.93 ms
[4926:INFO] 2013-08-21 12:01:53 :: 200 HEAD /jianghu/get_jianghu_recorders?session_key=02fefa82d68a689e38891471b12fb3a025abad92d01692942cface3b0b843076 in 559.91 ms
[4935:INFO] 2013-08-21 12:01:55 :: 200 HEAD /jianghu/get_jianghu_recorders?session_key=02fefa82d68a689e38891471b12fb3a025abad92d01692942cface3b0b843076 in 566.05 ms
[4941:INFO] 2013-08-21 12:01:56 :: 200 HEAD /jianghu/get_jianghu_recorders?session_key=02fefa82d68a689e38891471b12fb3a025abad92d01692942cface3b0b843076 in 559.06 ms
[4947:INFO] 2013-08-21 12:01:58 :: 200 HEAD /jianghu/get_jianghu_recorders?session_key=02fefa82d68a689e38891471b12fb3a025abad92d01692942cface3b0b843076 in 570.38 ms
[4926:INFO] 2013-08-21 12:02:00 :: 200 HEAD /jianghu/get_jianghu_recorders?session_key=02fefa82d68a689e38891471b12fb3a025abad92d01692942cface3b0b843076 in 582.54 ms
[4935:INFO] 2013-08-21 12:02:01 :: 200 HEAD /jianghu/get_jianghu_recorders?session_key=02fefa82d68a689e38891471b12fb3a025abad92d01692942cface3b0b843076 in 624.95 ms
[4941:INFO] 2013-08-21 12:02:03 :: 200 HEAD /jianghu/get_jianghu_recorders?session_key=02fefa82d68a689e38891471b12fb3a025abad92d01692942cface3b0b843076 in 616.83 ms
[4947:INFO] 2013-08-21 12:02:04 :: 200 HEAD /jianghu/get_jianghu_recorders?session_key=02fefa82d68a689e38891471b12fb3a025abad92d01692942cface3b0b843076 in 563.50 ms
[4926:INFO] 2013-08-21 12:02:06 :: 200 HEAD /jianghu/get_jianghu_recorders?session_key=02fefa82d68a689e38891471b12fb3a025abad92d01692942cface3b0b843076 in 613.86 ms
[4935:INFO] 2013-08-21 12:02:08 :: 200 HEAD /jianghu/get_jianghu_recorders?session_key=02fefa82d68a689e38891471b12fb3a025abad92d01692942cface3b0b843076 in 555.95 ms
[4941:INFO] 2013-08-21 12:02:09 :: 200 HEAD /jianghu/get_jianghu_recorders?session_key=02fefa82d68a689e38891471b12fb3a025abad92d01692942cface3b0b843076 in 566.02 ms
[4947:INFO] 2013-08-21 12:02:11 :: 200 HEAD /jianghu/get_jianghu_recorders?session_key=02fefa82d68a689e38891471b12fb3a025abad92d01692942cface3b0b843076 in 616.47 ms
[4926:INFO] 2013-08-21 12:04:51 :: 200 GET /jianghu/get_jianghu_recorders?session_key=02fefa82d68a689e38891471b12fb3a025abad92d01692942cface3b0b843076 in 558.87 ms
[4935:INFO] 2013-08-21 12:59:43 :: 200 GET /lunjian/get_list?session_key=02fefa82d68a689e38891471b12fb3a025abad92d01692942cface3b0b843076 in 1804.03 ms
[4941:INFO] 2013-08-21 13:00:08 :: 200 HEAD /lunjian/get_list?session_key=02fefa82d68a689e38891471b12fb3a025abad92d01692942cface3b0b843076 in 1510.69 ms
[4947:INFO] 2013-08-21 13:00:11 :: 200 HEAD /lunjian/get_list?session_key=02fefa82d68a689e38891471b12fb3a025abad92d01692942cface3b0b843076 in 1434.89 ms
[4926:INFO] 2013-08-21 13:00:13 :: 200 HEAD /lunjian/get_list?session_key=02fefa82d68a689e38891471b12fb3a025abad92d01692942cface3b0b843076 in 1499.05 ms
[4935:INFO] 2013-08-21 13:00:16 :: 200 HEAD /lunjian/get_list?session_key=02fefa82d68a689e38891471b12fb3a025abad92d01692942cface3b0b843076 in 1450.30 ms
[4941:INFO] 2013-08-21 13:00:18 :: 200 HEAD /lunjian/get_list?session_key=02fefa82d68a689e38891471b12fb3a025abad92d01692942cface3b0b843076 in 1441.96 ms
[4947:INFO] 2013-08-21 13:00:21 :: 200 HEAD /lunjian/get_list?session_key=02fefa82d68a689e38891471b12fb3a025abad92d01692942cface3b0b843076 in 1496.76 ms
[4926:INFO] 2013-08-21 13:00:23 :: 200 HEAD /lunjian/get_list?session_key=02fefa82d68a689e38891471b12fb3a025abad92d01692942cface3b0b843076 in 1503.50 ms
[4935:INFO] 2013-08-21 13:00:26 :: 200 HEAD /lunjian/get_list?session_key=02fefa82d68a689e38891471b12fb3a025abad92d01692942cface3b0b843076 in 1519.03 ms
[4941:INFO] 2013-08-21 13:00:28 :: 200 HEAD /lunjian/get_list?session_key=02fefa82d68a689e38891471b12fb3a025abad92d01692942cface3b0b843076 in 1563.71 ms
[4947:INFO] 2013-08-21 13:00:30 :: 200 HEAD /lunjian/get_list?session_key=02fefa82d68a689e38891471b12fb3a025abad92d01692942cface3b0b843076 in 1048.91 ms
[4926:INFO] 2013-08-21 13:00:32 :: 200 HEAD /lunjian/get_list?session_key=02fefa82d68a689e38891471b12fb3a025abad92d01692942cface3b0b843076 in 784.61 ms
[4935:INFO] 2013-08-21 13:00:34 :: 200 HEAD /lunjian/get_list?session_key=02fefa82d68a689e38891471b12fb3a025abad92d01692942cface3b0b843076 in 782.44 ms
[4941:INFO] 2013-08-21 13:00:36 :: 200 HEAD /lunjian/get_list?session_key=02fefa82d68a689e38891471b12fb3a025abad92d01692942cface3b0b843076 in 782.71 ms
[4947:INFO] 2013-08-21 13:00:37 :: 200 HEAD /lunjian/get_list?session_key=02fefa82d68a689e38891471b12fb3a025abad92d01692942cface3b0b843076 in 783.50 ms
[4926:INFO] 2013-08-21 13:00:39 :: 200 HEAD /lunjian/get_list?session_key=02fefa82d68a689e38891471b12fb3a025abad92d01692942cface3b0b843076 in 791.28 ms
[4935:INFO] 2013-08-21 13:00:41 :: 200 HEAD /lunjian/get_list?session_key=02fefa82d68a689e38891471b12fb3a025abad92d01692942cface3b0b843076 in 777.85 ms
[4941:INFO] 2013-08-21 13:00:43 :: 200 HEAD /lunjian/get_list?session_key=02fefa82d68a689e38891471b12fb3a025abad92d01692942cface3b0b843076 in 773.60 ms
[4947:INFO] 2013-08-21 13:00:45 :: 200 HEAD /lunjian/get_list?session_key=02fefa82d68a689e38891471b12fb3a025abad92d01692942cface3b0b843076 in 777.05 ms
[4926:INFO] 2013-08-21 13:00:46 :: 200 HEAD /lunjian/get_list?session_key=02fefa82d68a689e38891471b12fb3a025abad92d01692942cface3b0b843076 in 847.92 ms
[4935:INFO] 2013-08-21 13:00:48 :: 200 HEAD /lunjian/get_list?session_key=02fefa82d68a689e38891471b12fb3a025abad92d01692942cface3b0b843076 in 853.29 ms
[4941:INFO] 2013-08-21 13:25:14 :: 200 HEAD /lunjian/get_list?session_key=02fefa82d68a689e38891471b12fb3a025abad92d01692942cface3b0b843076 in 774.39 ms
[4947:INFO] 2013-08-21 13:25:16 :: 200 HEAD /lunjian/get_list?session_key=02fefa82d68a689e38891471b12fb3a025abad92d01692942cface3b0b843076 in 846.17 ms
[4926:INFO] 2013-08-21 13:25:18 :: 200 HEAD /lunjian/get_list?session_key=02fefa82d68a689e38891471b12fb3a025abad92d01692942cface3b0b843076 in 776.51 ms
[4935:INFO] 2013-08-21 13:25:20 :: 200 HEAD /lunjian/get_list?session_key=02fefa82d68a689e38891471b12fb3a025abad92d01692942cface3b0b843076 in 774.13 ms
[4941:INFO] 2013-08-21 13:25:21 :: 200 HEAD /lunjian/get_list?session_key=02fefa82d68a689e38891471b12fb3a025abad92d01692942cface3b0b843076 in 871.01 ms
[5606:INFO] 2013-08-21 13:33:38 :: Starting server on 0.0.0.0:9003 in production mode. Watch out for stones.
[5612:INFO] 2013-08-21 13:33:39 :: Starting server on 0.0.0.0:9001 in production mode. Watch out for stones.
[5618:INFO] 2013-08-21 13:33:39 :: Starting server on 0.0.0.0:9002 in production mode. Watch out for stones.
[5624:INFO] 2013-08-21 13:33:39 :: Starting server on 0.0.0.0:9004 in production mode. Watch out for stones.
[5612:INFO] 2013-08-21 13:34:00 :: 200 GET /jianghu/get_jianghu_recorders?session_key=02fefa82d68a689e38891471b12fb3a025abad92d01692942cface3b0b843076 in 1303.01 ms
[5612:INFO] 2013-08-21 13:34:32 :: 200 GET /jianghu/get_jianghu_recorders?session_key=02fefa82d68a689e38891471b12fb3a025abad92d01692942cface3b0b843076 in 92.78 ms
[5612:INFO] 2013-08-21 13:35:32 :: 200 GET /jianghu/get_jianghu_recorders?session_key=02fefa82d68a689e38891471b12fb3a025abad92d01692942cface3b0b843076 in 88.53 ms
[5606:INFO] 2013-08-21 13:35:50 :: 200 GET /jianghu/get_jianghu_recorders?session_key=02fefa82d68a689e38891471b12fb3a025abad92d01692942cface3b0b843076 in 1297.44 ms
[5606:INFO] 2013-08-21 13:35:53 :: 200 GET /jianghu/get_jianghu_recorders?session_key=02fefa82d68a689e38891471b12fb3a025abad92d01692942cface3b0b843076 in 89.88 ms
[5618:INFO] 2013-08-21 13:39:27 :: 200 GET /jianghu/get_jianghu_recorders?session_key=02fefa82d68a689e38891471b12fb3a025abad92d01692942cface3b0b843076 in 1296.38 ms
[5624:INFO] 2013-08-21 13:39:31 :: 200 GET /jianghu/get_jianghu_recorders?session_key=02fefa82d68a689e38891471b12fb3a025abad92d01692942cface3b0b843076 in 1298.83 ms
[5612:INFO] 2013-08-21 13:39:33 :: 200 GET /jianghu/get_jianghu_recorders?session_key=02fefa82d68a689e38891471b12fb3a025abad92d01692942cface3b0b843076 in 159.27 ms
[5606:INFO] 2013-08-21 13:39:35 :: 200 GET /jianghu/get_jianghu_recorders?session_key=02fefa82d68a689e38891471b12fb3a025abad92d01692942cface3b0b843076 in 85.43 ms
[5773:INFO] 2013-08-21 13:41:05 :: Starting server on 0.0.0.0:9003 in production mode. Watch out for stones.
[5779:INFO] 2013-08-21 13:41:05 :: Starting server on 0.0.0.0:9004 in production mode. Watch out for stones.
[5785:INFO] 2013-08-21 13:41:05 :: Starting server on 0.0.0.0:9002 in production mode. Watch out for stones.
[5791:INFO] 2013-08-21 13:41:05 :: Starting server on 0.0.0.0:9001 in production mode. Watch out for stones.
[5785:INFO] 2013-08-21 13:41:09 :: 200 GET /jianghu/get_jianghu_recorders?session_key=02fefa82d68a689e38891471b12fb3a025abad92d01692942cface3b0b843076 in 1278.32 ms
[5779:INFO] 2013-08-21 13:43:26 :: 200 GET /jianghu/get_jianghu_recorders?session_key=02fefa82d68a689e38891471b12fb3a025abad92d01692942cface3b0b843076 in 1274.41 ms
[5791:INFO] 2013-08-21 13:44:33 :: 200 HEAD /jianghu/get_jianghu_recorders?session_key=02fefa82d68a689e38891471b12fb3a025abad92d01692942cface3b0b843076 in 1255.57 ms
[5773:INFO] 2013-08-21 13:44:36 :: 200 HEAD /jianghu/get_jianghu_recorders?session_key=02fefa82d68a689e38891471b12fb3a025abad92d01692942cface3b0b843076 in 1256.79 ms
[5785:INFO] 2013-08-21 13:44:37 :: 200 HEAD /jianghu/get_jianghu_recorders?session_key=02fefa82d68a689e38891471b12fb3a025abad92d01692942cface3b0b843076 in 66.11 ms
[5779:INFO] 2013-08-21 13:44:38 :: 200 HEAD /jianghu/get_jianghu_recorders?session_key=02fefa82d68a689e38891471b12fb3a025abad92d01692942cface3b0b843076 in 67.21 ms
[5791:INFO] 2013-08-21 13:44:39 :: 200 HEAD /jianghu/get_jianghu_recorders?session_key=02fefa82d68a689e38891471b12fb3a025abad92d01692942cface3b0b843076 in 65.71 ms
[5773:INFO] 2013-08-21 13:44:40 :: 200 HEAD /jianghu/get_jianghu_recorders?session_key=02fefa82d68a689e38891471b12fb3a025abad92d01692942cface3b0b843076 in 59.50 ms
[5785:INFO] 2013-08-21 13:44:41 :: 200 HEAD /jianghu/get_jianghu_recorders?session_key=02fefa82d68a689e38891471b12fb3a025abad92d01692942cface3b0b843076 in 61.81 ms
[5779:INFO] 2013-08-21 13:44:42 :: 200 HEAD /jianghu/get_jianghu_recorders?session_key=02fefa82d68a689e38891471b12fb3a025abad92d01692942cface3b0b843076 in 64.55 ms
[5791:INFO] 2013-08-21 13:44:43 :: 200 HEAD /jianghu/get_jianghu_recorders?session_key=02fefa82d68a689e38891471b12fb3a025abad92d01692942cface3b0b843076 in 59.41 ms
[5773:INFO] 2013-08-21 13:44:44 :: 200 HEAD /jianghu/get_jianghu_recorders?session_key=02fefa82d68a689e38891471b12fb3a025abad92d01692942cface3b0b843076 in 63.04 ms
[5785:INFO] 2013-08-21 13:44:45 :: 200 HEAD /jianghu/get_jianghu_recorders?session_key=02fefa82d68a689e38891471b12fb3a025abad92d01692942cface3b0b843076 in 65.92 ms
[5779:INFO] 2013-08-21 13:44:46 :: 200 HEAD /jianghu/get_jianghu_recorders?session_key=02fefa82d68a689e38891471b12fb3a025abad92d01692942cface3b0b843076 in 65.24 ms
[5791:INFO] 2013-08-21 13:44:47 :: 200 HEAD /jianghu/get_jianghu_recorders?session_key=02fefa82d68a689e38891471b12fb3a025abad92d01692942cface3b0b843076 in 59.75 ms
[5773:INFO] 2013-08-21 13:44:48 :: 200 HEAD /jianghu/get_jianghu_recorders?session_key=02fefa82d68a689e38891471b12fb3a025abad92d01692942cface3b0b843076 in 63.26 ms
[5785:INFO] 2013-08-21 13:44:49 :: 200 HEAD /jianghu/get_jianghu_recorders?session_key=02fefa82d68a689e38891471b12fb3a025abad92d01692942cface3b0b843076 in 57.87 ms
[5779:INFO] 2013-08-21 13:44:51 :: 200 HEAD /jianghu/get_jianghu_recorders?session_key=02fefa82d68a689e38891471b12fb3a025abad92d01692942cface3b0b843076 in 62.19 ms
[5791:INFO] 2013-08-21 13:44:52 :: 200 HEAD /jianghu/get_jianghu_recorders?session_key=02fefa82d68a689e38891471b12fb3a025abad92d01692942cface3b0b843076 in 58.42 ms
[5773:INFO] 2013-08-21 13:44:53 :: 200 HEAD /jianghu/get_jianghu_recorders?session_key=02fefa82d68a689e38891471b12fb3a025abad92d01692942cface3b0b843076 in 62.34 ms
[5785:INFO] 2013-08-21 13:44:54 :: 200 HEAD /jianghu/get_jianghu_recorders?session_key=02fefa82d68a689e38891471b12fb3a025abad92d01692942cface3b0b843076 in 131.54 ms
[5779:INFO] 2013-08-21 13:44:55 :: 200 HEAD /jianghu/get_jianghu_recorders?session_key=02fefa82d68a689e38891471b12fb3a025abad92d01692942cface3b0b843076 in 119.79 ms
[5791:INFO] 2013-08-21 13:44:58 :: 200 HEAD /jianghu/get_jianghu_recorders?session_key=02fefa82d68a689e38891471b12fb3a025abad92d01692942cface3b0b843076 in 125.67 ms
[5773:INFO] 2013-08-21 13:44:59 :: 200 HEAD /jianghu/get_jianghu_recorders?session_key=02fefa82d68a689e38891471b12fb3a025abad92d01692942cface3b0b843076 in 123.92 ms
[5785:INFO] 2013-08-21 13:45:00 :: 200 HEAD /jianghu/get_jianghu_recorders?session_key=02fefa82d68a689e38891471b12fb3a025abad92d01692942cface3b0b843076 in 65.35 ms
[5779:INFO] 2013-08-21 13:45:01 :: 200 HEAD /jianghu/get_jianghu_recorders?session_key=02fefa82d68a689e38891471b12fb3a025abad92d01692942cface3b0b843076 in 59.17 ms
[5791:INFO] 2013-08-21 13:45:02 :: 200 HEAD /jianghu/get_jianghu_recorders?session_key=02fefa82d68a689e38891471b12fb3a025abad92d01692942cface3b0b843076 in 62.69 ms
[5773:INFO] 2013-08-21 13:45:07 :: 200 HEAD /jianghu/get_jianghu_recorders?session_key=02fefa82d68a689e38891471b12fb3a025abad92d01692942cface3b0b843076 in 63.79 ms
[5785:INFO] 2013-08-21 13:45:08 :: 200 HEAD /jianghu/get_jianghu_recorders?session_key=02fefa82d68a689e38891471b12fb3a025abad92d01692942cface3b0b843076 in 63.82 ms
[5779:INFO] 2013-08-21 13:45:09 :: 200 HEAD /jianghu/get_jianghu_recorders?session_key=02fefa82d68a689e38891471b12fb3a025abad92d01692942cface3b0b843076 in 64.76 ms
[5791:INFO] 2013-08-21 13:45:10 :: 200 HEAD /jianghu/get_jianghu_recorders?session_key=02fefa82d68a689e38891471b12fb3a025abad92d01692942cface3b0b843076 in 59.38 ms
[5773:INFO] 2013-08-21 13:45:11 :: 200 HEAD /jianghu/get_jianghu_recorders?session_key=02fefa82d68a689e38891471b12fb3a025abad92d01692942cface3b0b843076 in 63.23 ms
[5785:INFO] 2013-08-21 13:45:12 :: 200 HEAD /jianghu/get_jianghu_recorders?session_key=02fefa82d68a689e38891471b12fb3a025abad92d01692942cface3b0b843076 in 65.93 ms
[5779:INFO] 2013-08-21 13:45:13 :: 200 HEAD /jianghu/get_jianghu_recorders?session_key=02fefa82d68a689e38891471b12fb3a025abad92d01692942cface3b0b843076 in 59.01 ms
[5791:INFO] 2013-08-21 13:45:14 :: 200 HEAD /jianghu/get_jianghu_recorders?session_key=02fefa82d68a689e38891471b12fb3a025abad92d01692942cface3b0b843076 in 57.71 ms
[5773:INFO] 2013-08-21 13:45:15 :: 200 HEAD /jianghu/get_jianghu_recorders?session_key=02fefa82d68a689e38891471b12fb3a025abad92d01692942cface3b0b843076 in 61.61 ms
[5785:INFO] 2013-08-21 13:45:16 :: 200 HEAD /jianghu/get_jianghu_recorders?session_key=02fefa82d68a689e38891471b12fb3a025abad92d01692942cface3b0b843076 in 64.12 ms
[5779:INFO] 2013-08-21 13:45:17 :: 200 HEAD /jianghu/get_jianghu_recorders?session_key=02fefa82d68a689e38891471b12fb3a025abad92d01692942cface3b0b843076 in 58.34 ms
[5791:INFO] 2013-08-21 13:45:18 :: 200 HEAD /jianghu/get_jianghu_recorders?session_key=02fefa82d68a689e38891471b12fb3a025abad92d01692942cface3b0b843076 in 56.46 ms
[5773:INFO] 2013-08-21 13:45:19 :: 200 HEAD /jianghu/get_jianghu_recorders?session_key=02fefa82d68a689e38891471b12fb3a025abad92d01692942cface3b0b843076 in 61.51 ms
[5785:INFO] 2013-08-21 13:45:20 :: 200 HEAD /jianghu/get_jianghu_recorders?session_key=02fefa82d68a689e38891471b12fb3a025abad92d01692942cface3b0b843076 in 58.29 ms
[5779:INFO] 2013-08-21 13:45:21 :: 200 HEAD /jianghu/get_jianghu_recorders?session_key=02fefa82d68a689e38891471b12fb3a025abad92d01692942cface3b0b843076 in 62.04 ms
[5791:INFO] 2013-08-21 13:45:23 :: 200 HEAD /jianghu/get_jianghu_recorders?session_key=02fefa82d68a689e38891471b12fb3a025abad92d01692942cface3b0b843076 in 64.94 ms
[5773:INFO] 2013-08-21 13:45:24 :: 200 HEAD /jianghu/get_jianghu_recorders?session_key=02fefa82d68a689e38891471b12fb3a025abad92d01692942cface3b0b843076 in 65.29 ms
[5785:INFO] 2013-08-21 13:45:25 :: 200 HEAD /jianghu/get_jianghu_recorders?session_key=02fefa82d68a689e38891471b12fb3a025abad92d01692942cface3b0b843076 in 60.96 ms
[5779:INFO] 2013-08-21 13:45:26 :: 200 HEAD /jianghu/get_jianghu_recorders?session_key=02fefa82d68a689e38891471b12fb3a025abad92d01692942cface3b0b843076 in 63.32 ms
[5791:INFO] 2013-08-21 13:45:27 :: 200 HEAD /jianghu/get_jianghu_recorders?session_key=02fefa82d68a689e38891471b12fb3a025abad92d01692942cface3b0b843076 in 65.73 ms
[5773:INFO] 2013-08-21 13:47:00 :: 200 HEAD /jianghu/get_jianghu_recorders?session_key=02fefa82d68a689e38891471b12fb3a025abad92d01692942cface3b0b843076 in 58.37 ms
[5785:INFO] 2013-08-21 13:47:02 :: 200 HEAD /jianghu/get_jianghu_recorders?session_key=02fefa82d68a689e38891471b12fb3a025abad92d01692942cface3b0b843076 in 140.06 ms
[5779:INFO] 2013-08-21 13:47:03 :: 200 HEAD /jianghu/get_jianghu_recorders?session_key=02fefa82d68a689e38891471b12fb3a025abad92d01692942cface3b0b843076 in 144.92 ms
[5791:INFO] 2013-08-21 13:47:04 :: 200 HEAD /jianghu/get_jianghu_recorders?session_key=02fefa82d68a689e38891471b12fb3a025abad92d01692942cface3b0b843076 in 134.24 ms
[5773:INFO] 2013-08-21 13:47:05 :: 200 HEAD /jianghu/get_jianghu_recorders?session_key=02fefa82d68a689e38891471b12fb3a025abad92d01692942cface3b0b843076 in 135.49 ms
[5785:INFO] 2013-08-21 13:47:06 :: 200 HEAD /jianghu/get_jianghu_recorders?session_key=02fefa82d68a689e38891471b12fb3a025abad92d01692942cface3b0b843076 in 59.21 ms
[5779:INFO] 2013-08-21 13:47:07 :: 200 HEAD /jianghu/get_jianghu_recorders?session_key=02fefa82d68a689e38891471b12fb3a025abad92d01692942cface3b0b843076 in 62.19 ms
[5791:INFO] 2013-08-21 13:47:08 :: 200 HEAD /jianghu/get_jianghu_recorders?session_key=02fefa82d68a689e38891471b12fb3a025abad92d01692942cface3b0b843076 in 63.71 ms
[5773:INFO] 2013-08-21 13:47:09 :: 200 HEAD /jianghu/get_jianghu_recorders?session_key=02fefa82d68a689e38891471b12fb3a025abad92d01692942cface3b0b843076 in 59.78 ms
[5785:INFO] 2013-08-21 13:47:10 :: 200 HEAD /jianghu/get_jianghu_recorders?session_key=02fefa82d68a689e38891471b12fb3a025abad92d01692942cface3b0b843076 in 63.86 ms
[5779:INFO] 2013-08-21 13:47:11 :: 200 HEAD /jianghu/get_jianghu_recorders?session_key=02fefa82d68a689e38891471b12fb3a025abad92d01692942cface3b0b843076 in 64.78 ms
[5791:INFO] 2013-08-21 13:47:12 :: 200 HEAD /jianghu/get_jianghu_recorders?session_key=02fefa82d68a689e38891471b12fb3a025abad92d01692942cface3b0b843076 in 59.81 ms
[5999:INFO] 2013-08-21 13:49:41 :: Starting server on 0.0.0.0:9001 in production mode. Watch out for stones.
[6005:INFO] 2013-08-21 13:49:41 :: Starting server on 0.0.0.0:9003 in production mode. Watch out for stones.
[6011:INFO] 2013-08-21 13:49:42 :: Starting server on 0.0.0.0:9004 in production mode. Watch out for stones.
[6017:INFO] 2013-08-21 13:49:42 :: Starting server on 0.0.0.0:9002 in production mode. Watch out for stones.
[5999:INFO] 2013-08-21 13:49:47 :: 200 GET /jianghu/get_jianghu_recorders?session_key=02fefa82d68a689e38891471b12fb3a025abad92d01692942cface3b0b843076 in 1539.56 ms
[5999:INFO] 2013-08-21 13:49:49 :: 200 GET /jianghu/get_jianghu_recorders?session_key=02fefa82d68a689e38891471b12fb3a025abad92d01692942cface3b0b843076 in 164.82 ms
[6011:INFO] 2013-08-21 13:49:52 :: 200 GET /jianghu/get_jianghu_recorders?session_key=02fefa82d68a689e38891471b12fb3a025abad92d01692942cface3b0b843076 in 1454.53 ms
[6017:INFO] 2013-08-21 13:49:56 :: 200 GET /jianghu/get_jianghu_recorders?session_key=02fefa82d68a689e38891471b12fb3a025abad92d01692942cface3b0b843076 in 1417.55 ms
[6005:INFO] 2013-08-21 13:49:59 :: 200 GET /jianghu/get_jianghu_recorders?session_key=02fefa82d68a689e38891471b12fb3a025abad92d01692942cface3b0b843076 in 1420.43 ms
[5999:INFO] 2013-08-21 13:50:01 :: 200 GET /jianghu/get_jianghu_recorders?session_key=02fefa82d68a689e38891471b12fb3a025abad92d01692942cface3b0b843076 in 160.57 ms
[6011:INFO] 2013-08-21 13:50:07 :: 200 HEAD /jianghu/get_jianghu_recorders?session_key=02fefa82d68a689e38891471b12fb3a025abad92d01692942cface3b0b843076 in 255.08 ms
[6017:INFO] 2013-08-21 13:50:08 :: 200 HEAD /jianghu/get_jianghu_recorders?session_key=02fefa82d68a689e38891471b12fb3a025abad92d01692942cface3b0b843076 in 193.21 ms
[6005:INFO] 2013-08-21 13:50:09 :: 200 HEAD /jianghu/get_jianghu_recorders?session_key=02fefa82d68a689e38891471b12fb3a025abad92d01692942cface3b0b843076 in 206.36 ms
[5999:INFO] 2013-08-21 13:50:10 :: 200 HEAD /jianghu/get_jianghu_recorders?session_key=02fefa82d68a689e38891471b12fb3a025abad92d01692942cface3b0b843076 in 212.93 ms
[6011:INFO] 2013-08-21 13:50:12 :: 200 HEAD /jianghu/get_jianghu_recorders?session_key=02fefa82d68a689e38891471b12fb3a025abad92d01692942cface3b0b843076 in 253.48 ms
[6017:INFO] 2013-08-21 13:50:13 :: 200 HEAD /jianghu/get_jianghu_recorders?session_key=02fefa82d68a689e38891471b12fb3a025abad92d01692942cface3b0b843076 in 247.39 ms
[6005:INFO] 2013-08-21 13:50:14 :: 200 HEAD /jianghu/get_jianghu_recorders?session_key=02fefa82d68a689e38891471b12fb3a025abad92d01692942cface3b0b843076 in 217.31 ms
[5999:INFO] 2013-08-21 13:50:15 :: 200 HEAD /jianghu/get_jianghu_recorders?session_key=02fefa82d68a689e38891471b12fb3a025abad92d01692942cface3b0b843076 in 244.25 ms
[6011:INFO] 2013-08-21 13:50:17 :: 200 HEAD /jianghu/get_jianghu_recorders?session_key=02fefa82d68a689e38891471b12fb3a025abad92d01692942cface3b0b843076 in 233.01 ms
[6017:INFO] 2013-08-21 13:50:18 :: 200 HEAD /jianghu/get_jianghu_recorders?session_key=02fefa82d68a689e38891471b12fb3a025abad92d01692942cface3b0b843076 in 241.90 ms
[6005:INFO] 2013-08-21 13:50:19 :: 200 HEAD /jianghu/get_jianghu_recorders?session_key=02fefa82d68a689e38891471b12fb3a025abad92d01692942cface3b0b843076 in 213.50 ms
[5999:INFO] 2013-08-21 13:50:20 :: 200 HEAD /jianghu/get_jianghu_recorders?session_key=02fefa82d68a689e38891471b12fb3a025abad92d01692942cface3b0b843076 in 246.71 ms
[6011:INFO] 2013-08-21 13:50:22 :: 200 HEAD /jianghu/get_jianghu_recorders?session_key=02fefa82d68a689e38891471b12fb3a025abad92d01692942cface3b0b843076 in 248.54 ms
[6017:INFO] 2013-08-21 13:50:29 :: 200 HEAD /jianghu/get_jianghu_recorders?session_key=02fefa82d68a689e38891471b12fb3a025abad92d01692942cface3b0b843076 in 620.27 ms
[6005:INFO] 2013-08-21 13:50:31 :: 200 HEAD /jianghu/get_jianghu_recorders?session_key=02fefa82d68a689e38891471b12fb3a025abad92d01692942cface3b0b843076 in 612.60 ms
[5999:INFO] 2013-08-21 13:50:32 :: 200 HEAD /jianghu/get_jianghu_recorders?session_key=02fefa82d68a689e38891471b12fb3a025abad92d01692942cface3b0b843076 in 630.06 ms
[6011:INFO] 2013-08-21 13:50:34 :: 200 HEAD /jianghu/get_jianghu_recorders?session_key=02fefa82d68a689e38891471b12fb3a025abad92d01692942cface3b0b843076 in 621.31 ms
[6017:INFO] 2013-08-21 13:50:35 :: 200 HEAD /jianghu/get_jianghu_recorders?session_key=02fefa82d68a689e38891471b12fb3a025abad92d01692942cface3b0b843076 in 609.06 ms
[6005:INFO] 2013-08-21 13:50:37 :: 200 HEAD /jianghu/get_jianghu_recorders?session_key=02fefa82d68a689e38891471b12fb3a025abad92d01692942cface3b0b843076 in 601.78 ms
[5999:INFO] 2013-08-21 13:50:39 :: 200 HEAD /jianghu/get_jianghu_recorders?session_key=02fefa82d68a689e38891471b12fb3a025abad92d01692942cface3b0b843076 in 557.23 ms
[6011:INFO] 2013-08-21 13:50:40 :: 200 HEAD /jianghu/get_jianghu_recorders?session_key=02fefa82d68a689e38891471b12fb3a025abad92d01692942cface3b0b843076 in 605.29 ms
[6017:INFO] 2013-08-21 13:50:42 :: 200 HEAD /jianghu/get_jianghu_recorders?session_key=02fefa82d68a689e38891471b12fb3a025abad92d01692942cface3b0b843076 in 560.04 ms
[6005:INFO] 2013-08-21 13:50:43 :: 200 HEAD /jianghu/get_jianghu_recorders?session_key=02fefa82d68a689e38891471b12fb3a025abad92d01692942cface3b0b843076 in 557.37 ms
[5999:INFO] 2013-08-21 13:50:45 :: 200 HEAD /jianghu/get_jianghu_recorders?session_key=02fefa82d68a689e38891471b12fb3a025abad92d01692942cface3b0b843076 in 560.01 ms
[6011:INFO] 2013-08-21 13:50:47 :: 200 HEAD /jianghu/get_jianghu_recorders?session_key=02fefa82d68a689e38891471b12fb3a025abad92d01692942cface3b0b843076 in 552.65 ms
[6017:INFO] 2013-08-21 13:50:48 :: 200 HEAD /jianghu/get_jianghu_recorders?session_key=02fefa82d68a689e38891471b12fb3a025abad92d01692942cface3b0b843076 in 560.99 ms
[6005:INFO] 2013-08-21 13:50:50 :: 200 HEAD /jianghu/get_jianghu_recorders?session_key=02fefa82d68a689e38891471b12fb3a025abad92d01692942cface3b0b843076 in 552.85 ms
[5999:INFO] 2013-08-21 13:53:21 :: 200 HEAD /jianghu/get_jianghu_recorders?session_key=02fefa82d68a689e38891471b12fb3a025abad92d01692942cface3b0b843076 in 617.63 ms
[6011:INFO] 2013-08-21 13:53:23 :: 200 HEAD /jianghu/get_jianghu_recorders?session_key=02fefa82d68a689e38891471b12fb3a025abad92d01692942cface3b0b843076 in 608.86 ms
[6017:INFO] 2013-08-21 13:53:25 :: 200 HEAD /jianghu/get_jianghu_recorders?session_key=02fefa82d68a689e38891471b12fb3a025abad92d01692942cface3b0b843076 in 609.91 ms
[6005:INFO] 2013-08-21 13:53:26 :: 200 HEAD /jianghu/get_jianghu_recorders?session_key=02fefa82d68a689e38891471b12fb3a025abad92d01692942cface3b0b843076 in 606.05 ms
[5999:INFO] 2013-08-21 13:53:28 :: 200 HEAD /jianghu/get_jianghu_recorders?session_key=02fefa82d68a689e38891471b12fb3a025abad92d01692942cface3b0b843076 in 557.20 ms
[7730:INFO] 2013-08-21 16:42:05 :: Starting server on 0.0.0.0:9001 in production mode. Watch out for stones.
[7748:INFO] 2013-08-21 16:42:05 :: Starting server on 0.0.0.0:9003 in production mode. Watch out for stones.
[7738:INFO] 2013-08-21 16:42:05 :: Starting server on 0.0.0.0:9004 in production mode. Watch out for stones.
[7744:INFO] 2013-08-21 16:42:05 :: Starting server on 0.0.0.0:9002 in production mode. Watch out for stones.
[7738:DEBUG] 2013-08-21 16:42:32 :: Cache write: onepiece/user/25/1 ({:host=>"localhost", :port=>"6379", :driver=>:synchrony, :expires_in=>7 days})
[7738:DEBUG] 2013-08-21 16:42:32 :: Cache write: onepiece/continuousloginreward/47/1 ({:host=>"localhost", :port=>"6379", :driver=>:synchrony, :expires_in=>7 days})
[7738:INFO] 2013-08-21 16:42:32 :: 200 GET /user/login?username=454752399&password=123456 in 1971.18 ms
[7744:DEBUG] 2013-08-21 16:42:36 :: Cache write: onepiece/user/25/1 ({:host=>"localhost", :port=>"6379", :driver=>:synchrony, :expires_in=>7 days})
[7744:DEBUG] 2013-08-21 16:42:36 :: Cache write: onepiece/continuousloginreward/47/1 ({:host=>"localhost", :port=>"6379", :driver=>:synchrony, :expires_in=>7 days})
[7744:INFO] 2013-08-21 16:42:37 :: 200 GET /user/login?username=454752399&password=123456 in 1912.90 ms
[7748:DEBUG] 2013-08-21 16:42:48 :: Cache write: onepiece/user/25/1 ({:host=>"localhost", :port=>"6379", :driver=>:synchrony, :expires_in=>7 days})
[7748:DEBUG] 2013-08-21 16:42:48 :: Cache write: onepiece/continuousloginreward/47/1 ({:host=>"localhost", :port=>"6379", :driver=>:synchrony, :expires_in=>7 days})
[7748:INFO] 2013-08-21 16:42:48 :: 200 GET /user/login?username=454752399&password=123456 in 1854.92 ms
[7730:DEBUG] 2013-08-21 16:43:02 :: Cache write: onepiece/user/25/1 ({:host=>"localhost", :port=>"6379", :driver=>:synchrony, :expires_in=>7 days})
[7730:DEBUG] 2013-08-21 16:43:02 :: Cache write: onepiece/continuousloginreward/47/1 ({:host=>"localhost", :port=>"6379", :driver=>:synchrony, :expires_in=>7 days})
[7730:INFO] 2013-08-21 16:43:02 :: 200 GET /user/login?username=454752399&password=123456 in 1842.11 ms
[7738:DEBUG] 2013-08-21 16:43:06 :: Cache write: onepiece/user/25/1 ({:host=>"localhost", :port=>"6379", :driver=>:synchrony, :expires_in=>7 days})
[7738:DEBUG] 2013-08-21 16:43:06 :: Cache write: onepiece/continuousloginreward/47/1 ({:host=>"localhost", :port=>"6379", :driver=>:synchrony, :expires_in=>7 days})
[7738:INFO] 2013-08-21 16:43:06 :: 200 GET /user/login?username=454752399&password=123456 in 251.34 ms
[7744:DEBUG] 2013-08-21 16:43:08 :: Cache write: onepiece/user/25/1 ({:host=>"localhost", :port=>"6379", :driver=>:synchrony, :expires_in=>7 days})
[7744:DEBUG] 2013-08-21 16:43:08 :: Cache write: onepiece/continuousloginreward/47/1 ({:host=>"localhost", :port=>"6379", :driver=>:synchrony, :expires_in=>7 days})
[7744:INFO] 2013-08-21 16:43:08 :: 200 GET /user/login?username=454752399&password=123456 in 223.51 ms
[7748:DEBUG] 2013-08-21 16:43:16 :: Cache write: onepiece/user/25/1 ({:host=>"localhost", :port=>"6379", :driver=>:synchrony, :expires_in=>7 days})
[7748:DEBUG] 2013-08-21 16:43:16 :: Cache write: onepiece/continuousloginreward/47/1 ({:host=>"localhost", :port=>"6379", :driver=>:synchrony, :expires_in=>7 days})
[7748:INFO] 2013-08-21 16:43:16 :: 200 GET /user/login?username=454752399&password=123456 in 289.97 ms
[7730:INFO] 2013-08-21 20:53:12 :: Stopping server...
[7748:INFO] 2013-08-21 20:53:12 :: Stopping server...
[7738:INFO] 2013-08-21 20:53:12 :: Stopping server...
[7744:INFO] 2013-08-21 20:53:12 :: Stopping server...
[3401:INFO] 2013-08-27 11:21:33 :: Starting server on 0.0.0.0:9001 in production mode. Watch out for stones.
[3409:INFO] 2013-08-27 11:21:33 :: Starting server on 0.0.0.0:9002 in production mode. Watch out for stones.
[3413:INFO] 2013-08-27 11:21:33 :: Starting server on 0.0.0.0:9003 in production mode. Watch out for stones.
[3419:INFO] 2013-08-27 11:21:33 :: Starting server on 0.0.0.0:9004 in production mode. Watch out for stones.
[3401:INFO] 2013-08-27 11:21:56 :: 200 GET /user/login in 972.83 ms
[3401:INFO] 2013-08-27 11:21:56 :: 404 GET /favicon.ico in 0.76 ms
[3401:INFO] 2013-08-27 11:21:56 :: 404 GET /favicon.ico in 0.57 ms
[3401:INFO] 2013-08-27 11:22:10 :: 200 GET /user/login?username=geekerzp&password=913427 in 1026.95 ms
[3419:INFO] 2013-08-27 11:59:31 :: Stopping server...
[3409:INFO] 2013-08-27 11:59:31 :: Stopping server...
[3401:INFO] 2013-08-27 11:59:31 :: Stopping server...
[3413:INFO] 2013-08-27 11:59:31 :: Stopping server...
[3417:INFO] 2013-08-27 13:57:01 :: Starting server on 0.0.0.0:9003 in production mode. Watch out for stones.
[3423:INFO] 2013-08-27 13:57:01 :: Starting server on 0.0.0.0:9001 in production mode. Watch out for stones.
[3431:INFO] 2013-08-27 13:57:02 :: Starting server on 0.0.0.0:9004 in production mode. Watch out for stones.
[3435:INFO] 2013-08-27 13:57:02 :: Starting server on 0.0.0.0:9002 in production mode. Watch out for stones.
[3423:INFO] 2013-08-27 13:57:05 :: 200 GET /user/login?username=zpzpzp33&password=913427 in 956.72 ms
[3423:INFO] 2013-08-27 13:57:05 :: 404 GET /favicon.ico in 1.23 ms
[3423:INFO] 2013-08-27 13:57:05 :: 404 GET /favicon.ico in 0.57 ms
[3423:INFO] 2013-08-27 13:57:15 :: 200 GET /user/register?username=zpzpzp33&password=913427 in 1336.60 ms
[3423:INFO] 2013-08-27 13:58:32 :: 200 GET /user/register?username=zpzpzp33&password=913427 in 598.42 ms
[3423:INFO] 2013-08-27 14:04:52 :: 200 GET /user/register?username=zpzpzp1234&password=913427 in 609.85 ms
[3435:INFO] 2013-08-27 20:26:03 :: Stopping server...
[3417:INFO] 2013-08-27 20:26:03 :: Stopping server...
[3423:INFO] 2013-08-27 20:26:03 :: Stopping server...
[3431:INFO] 2013-08-27 20:26:03 :: Stopping server...
